30.08.2016 22:11:30.012 [DEBUG][main  ][SelectorLink        ] - SelectorLink create com.parsingHTML.logic.selector.SelectorLink@2dda6444 
30.08.2016 22:11:30.804 [DEBUG][main  ][SelectorLink        ] - parsingButtonNames return [Информационных систем и защиты информации, Среднего профессионального образования №1, Среднего профессионального образования №2, Таможенного дела, Технологический, Товароведно-коммерческий, Учебно-методический центр повышения квалификации и переподготовки кадров, Экономики и менеджмента, Юридический, Второго высшего образования, Заочного обучения] 
30.08.2016 22:11:30.806 [DEBUG][main  ][SelectorLink        ] - goButton 1 
30.08.2016 22:11:30.806 [DEBUG][main  ][SelectorLink        ] - moveButton1 Move Среднего профессионального образования №1 
30.08.2016 22:11:30.807 [DEBUG][main  ][SelectorLink        ] - return http://rasp.bukep.ru/Default.aspx?tr=s&f=10083 
30.08.2016 22:11:30.930 [DEBUG][main  ][SelectorLink        ] - parsingButtonNames return [Банковское дело, Гостиничный сервис, Коммерция (по отраслям), Операционная деятельность в логистике, Реклама, Туризм, Экономика и бухгалтерский учет (по отраслям)] 
30.08.2016 22:11:30.930 [DEBUG][main  ][SelectorLink        ] - goButton 1 
30.08.2016 22:11:30.931 [DEBUG][main  ][SelectorLink        ] - moveButton2 Move Гостиничный сервис 
30.08.2016 22:11:30.933 [DEBUG][main  ][SelectorLink        ] - return http://rasp.bukep.ru/Default.aspx?tr=k&f=10083&s=%D0%93%D0%BE%D1%81%D1%82%D0%B8%D0%BD%D0%B8%D1%87%D0%BD%D1%8B%D0%B9+%D1%81%D0%B5%D1%80%D0%B2%D0%B8%D1%811 
30.08.2016 22:11:31.024 [DEBUG][main  ][SelectorLink        ] - parsingButtonNames return [2 курс] 
30.08.2016 22:11:31.025 [DEBUG][main  ][SelectorLink        ] - goButton 1 
30.08.2016 22:11:31.026 [WARN ][main  ][SelectorLink        ] - Failed get Element - index<buttonSelect.size() size = 1 
30.08.2016 22:11:31.110 [DEBUG][main  ][SelectorLink        ] - parsingButtonNames return [2 курс] 
30.08.2016 22:11:31.111 [DEBUG][main  ][SelectorLink        ] - goButton 1 
30.08.2016 22:11:31.111 [WARN ][main  ][SelectorLink        ] - Failed get Element - index<buttonSelect.size() size = 1 
30.08.2016 22:11:31.189 [DEBUG][main  ][SelectorLink        ] - parsingButtonNames return [2 курс] 
30.08.2016 22:15:58.033 [DEBUG][main  ][SelectorLink        ] - SelectorLink create com.parsingHTML.logic.selector.SelectorLink@2dda6444 
30.08.2016 22:15:58.548 [DEBUG][main  ][SelectorLink        ] - parsingButtonNames return [Информационных систем и защиты информации, Среднего профессионального образования №1, Среднего профессионального образования №2, Таможенного дела, Технологический, Товароведно-коммерческий, Учебно-методический центр повышения квалификации и переподготовки кадров, Экономики и менеджмента, Юридический, Второго высшего образования, Заочного обучения] 
30.08.2016 22:15:58.549 [DEBUG][main  ][SelectorLink        ] - goButton 2 
30.08.2016 22:15:58.549 [DEBUG][main  ][SelectorLink        ] - moveButton1 Move Среднего профессионального образования №2 
30.08.2016 22:15:58.550 [DEBUG][main  ][SelectorLink        ] - return http://rasp.bukep.ru/Default.aspx?tr=s&f=10084 
30.08.2016 22:15:58.634 [DEBUG][main  ][SelectorLink        ] - parsingButtonNames return [Информационные системы (по отраслям), Организация и технология защиты информации, Право и организация социального обеспечения, Прикладная информатика (по отраслям), Технология продукции общественного питания, Товароведение и экспертиза качества потребительских товаров] 
30.08.2016 22:15:58.634 [DEBUG][main  ][SelectorLink        ] - goButton 0 
30.08.2016 22:15:58.635 [DEBUG][main  ][SelectorLink        ] - moveButton2 Move Информационные системы (по отраслям) 
30.08.2016 22:15:58.636 [DEBUG][main  ][SelectorLink        ] - return http://rasp.bukep.ru/Default.aspx?tr=k&f=10084&s=%D0%98%D0%BD%D1%84%D0%BE%D1%80%D0%BC%D0%B0%D1%86%D0%B8%D0%BE%D0%BD%D0%BD%D1%8B%D0%B5+%D1%81%D0%B8%D1%81%D1%82%D0%B5%D0%BC%D1%8B+%28%D0%BF%D0%BE+%D0%BE%D1%82%D1%80%D0%B0%D1%81%D0%BB%D1%8F%D0%BC%291 
30.08.2016 22:15:58.717 [DEBUG][main  ][SelectorLink        ] - parsingButtonNames return [2 курс, 3 курс, 4 курс] 
30.08.2016 22:15:58.718 [DEBUG][main  ][SelectorLink        ] - goButton 3 
30.08.2016 22:15:58.718 [WARN ][main  ][SelectorLink        ] - Failed get Element - index<buttonSelect.size() size = 3 
30.08.2016 22:15:58.799 [DEBUG][main  ][SelectorLink        ] - parsingButtonNames return [2 курс, 3 курс, 4 курс] 
30.08.2016 22:15:58.800 [DEBUG][main  ][SelectorLink        ] - goButton 0 
30.08.2016 22:15:58.800 [DEBUG][main  ][SelectorLink        ] - moveButton3 Move 2 курс 
30.08.2016 22:15:58.801 [DEBUG][main  ][SelectorLink        ] - return http://rasp.bukep.ru/Default.aspx?tr=k&f=10084&s=%D0%98%D0%BD%D1%84%D0%BE%D1%80%D0%BC%D0%B0%D1%86%D0%B8%D0%BE%D0%BD%D0%BD%D1%8B%D0%B5+%D1%81%D0%B8%D1%81%D1%82%D0%B5%D0%BC%D1%8B+%28%D0%BF%D0%BE+%D0%BE%D1%82%D1%80%D0%B0%D1%81%D0%BB%D1%8F%D0%BC%291&k=2 
30.08.2016 22:15:58.893 [DEBUG][main  ][SelectorLink        ] - parsingButtonNames return [2 курс, 3 курс, 4 курс] 
30.08.2016 22:21:00.037 [DEBUG][main  ][SelectorLink        ] - SelectorLink create com.parsingHTML.logic.selector.SelectorLink@2dda6444 
30.08.2016 22:21:00.650 [DEBUG][main  ][SelectorLink        ] - parsingButtonNames return [Информационных систем и защиты информации, Среднего профессионального образования №1, Среднего профессионального образования №2, Таможенного дела, Технологический, Товароведно-коммерческий, Учебно-методический центр повышения квалификации и переподготовки кадров, Экономики и менеджмента, Юридический, Второго высшего образования, Заочного обучения] 
30.08.2016 22:21:00.651 [DEBUG][main  ][SelectorLink        ] - goButton 2 
30.08.2016 22:21:00.652 [DEBUG][main  ][SelectorLink        ] - moveButton1 Move Среднего профессионального образования №2 
30.08.2016 22:21:00.652 [DEBUG][main  ][SelectorLink        ] - return http://rasp.bukep.ru/Default.aspx?tr=s&f=10084 
30.08.2016 22:21:00.744 [DEBUG][main  ][SelectorLink        ] - parsingButtonNames return [Информационные системы (по отраслям), Организация и технология защиты информации, Право и организация социального обеспечения, Прикладная информатика (по отраслям), Технология продукции общественного питания, Товароведение и экспертиза качества потребительских товаров] 
30.08.2016 22:21:00.745 [DEBUG][main  ][SelectorLink        ] - goButton 0 
30.08.2016 22:21:00.745 [DEBUG][main  ][SelectorLink        ] - moveButton2 Move Информационные системы (по отраслям) 
30.08.2016 22:21:00.749 [DEBUG][main  ][SelectorLink        ] - return http://rasp.bukep.ru/Default.aspx?tr=k&f=10084&s=%D0%98%D0%BD%D1%84%D0%BE%D1%80%D0%BC%D0%B0%D1%86%D0%B8%D0%BE%D0%BD%D0%BD%D1%8B%D0%B5+%D1%81%D0%B8%D1%81%D1%82%D0%B5%D0%BC%D1%8B+%28%D0%BF%D0%BE+%D0%BE%D1%82%D1%80%D0%B0%D1%81%D0%BB%D1%8F%D0%BC%291 
30.08.2016 22:21:00.833 [DEBUG][main  ][SelectorLink        ] - parsingButtonNames return [2 курс, 3 курс, 4 курс] 
30.08.2016 22:21:00.833 [DEBUG][main  ][SelectorLink        ] - goButton 3 
30.08.2016 22:21:00.834 [WARN ][main  ][SelectorLink        ] - Failed get Element - index<buttonSelect.size() size = 3 
30.08.2016 22:21:00.911 [DEBUG][main  ][SelectorLink        ] - parsingButtonNames return [2 курс, 3 курс, 4 курс] 
30.08.2016 22:22:43.735 [DEBUG][main  ][SelectorLink        ] - SelectorLink create com.parsingHTML.logic.selector.SelectorLink@2dda6444 
30.08.2016 22:22:44.192 [DEBUG][main  ][SelectorLink        ] - parsingButtonNames return [Информационных систем и защиты информации, Среднего профессионального образования №1, Среднего профессионального образования №2, Таможенного дела, Технологический, Товароведно-коммерческий, Учебно-методический центр повышения квалификации и переподготовки кадров, Экономики и менеджмента, Юридический, Второго высшего образования, Заочного обучения] 
30.08.2016 22:22:44.194 [DEBUG][main  ][SelectorLink        ] - goButton 2 
30.08.2016 22:22:44.194 [DEBUG][main  ][SelectorLink        ] - moveButton1 Move Среднего профессионального образования №2 
30.08.2016 22:22:44.194 [DEBUG][main  ][SelectorLink        ] - return http://rasp.bukep.ru/Default.aspx?tr=s&f=10084 
30.08.2016 22:22:44.279 [DEBUG][main  ][SelectorLink        ] - parsingButtonNames return [Информационные системы (по отраслям), Организация и технология защиты информации, Право и организация социального обеспечения, Прикладная информатика (по отраслям), Технология продукции общественного питания, Товароведение и экспертиза качества потребительских товаров] 
30.08.2016 22:22:44.280 [DEBUG][main  ][SelectorLink        ] - goButton 0 
30.08.2016 22:22:44.281 [DEBUG][main  ][SelectorLink        ] - moveButton2 Move Информационные системы (по отраслям) 
30.08.2016 22:22:44.282 [DEBUG][main  ][SelectorLink        ] - return http://rasp.bukep.ru/Default.aspx?tr=k&f=10084&s=%D0%98%D0%BD%D1%84%D0%BE%D1%80%D0%BC%D0%B0%D1%86%D0%B8%D0%BE%D0%BD%D0%BD%D1%8B%D0%B5+%D1%81%D0%B8%D1%81%D1%82%D0%B5%D0%BC%D1%8B+%28%D0%BF%D0%BE+%D0%BE%D1%82%D1%80%D0%B0%D1%81%D0%BB%D1%8F%D0%BC%291 
30.08.2016 22:22:44.399 [DEBUG][main  ][SelectorLink        ] - parsingButtonNames return [2 курс, 3 курс, 4 курс] 
30.08.2016 22:22:44.399 [DEBUG][main  ][SelectorLink        ] - goButton 3 
30.08.2016 22:22:44.399 [WARN ][main  ][SelectorLink        ] - Failed get Element - index<buttonSelect.size() size = 3 
30.08.2016 22:22:44.491 [DEBUG][main  ][SelectorLink        ] - parsingButtonNames return [2 курс, 3 курс, 4 курс] 
30.08.2016 22:22:54.605 [DEBUG][main  ][SelectorLink        ] - SelectorLink create com.parsingHTML.logic.selector.SelectorLink@4cf777e8 
30.08.2016 22:22:55.198 [DEBUG][main  ][SelectorLink        ] - parsingButtonNames return [Информационных систем и защиты информации, Среднего профессионального образования №1, Среднего профессионального образования №2, Таможенного дела, Технологический, Товароведно-коммерческий, Учебно-методический центр повышения квалификации и переподготовки кадров, Экономики и менеджмента, Юридический, Второго высшего образования, Заочного обучения] 
30.08.2016 22:22:55.200 [DEBUG][main  ][SelectorLink        ] - goButton 2 
30.08.2016 22:22:55.200 [DEBUG][main  ][SelectorLink        ] - moveButton1 Move Среднего профессионального образования №2 
30.08.2016 22:22:55.200 [DEBUG][main  ][SelectorLink        ] - return http://rasp.bukep.ru/Default.aspx?tr=s&f=10084 
30.08.2016 22:22:55.286 [DEBUG][main  ][SelectorLink        ] - parsingButtonNames return [Информационные системы (по отраслям), Организация и технология защиты информации, Право и организация социального обеспечения, Прикладная информатика (по отраслям), Технология продукции общественного питания, Товароведение и экспертиза качества потребительских товаров] 
30.08.2016 22:22:55.287 [DEBUG][main  ][SelectorLink        ] - goButton 0 
30.08.2016 22:22:55.287 [DEBUG][main  ][SelectorLink        ] - moveButton2 Move Информационные системы (по отраслям) 
30.08.2016 22:22:55.289 [DEBUG][main  ][SelectorLink        ] - return http://rasp.bukep.ru/Default.aspx?tr=k&f=10084&s=%D0%98%D0%BD%D1%84%D0%BE%D1%80%D0%BC%D0%B0%D1%86%D0%B8%D0%BE%D0%BD%D0%BD%D1%8B%D0%B5+%D1%81%D0%B8%D1%81%D1%82%D0%B5%D0%BC%D1%8B+%28%D0%BF%D0%BE+%D0%BE%D1%82%D1%80%D0%B0%D1%81%D0%BB%D1%8F%D0%BC%291 
30.08.2016 22:22:55.372 [DEBUG][main  ][SelectorLink        ] - parsingButtonNames return [2 курс, 3 курс, 4 курс] 
30.08.2016 22:22:55.372 [DEBUG][main  ][SelectorLink        ] - goButton 3 
30.08.2016 22:22:55.372 [WARN ][main  ][SelectorLink        ] - Failed get Element - index<buttonSelect.size() size = 3 
30.08.2016 22:22:55.475 [DEBUG][main  ][SelectorLink        ] - parsingButtonNames return [2 курс, 3 курс, 4 курс] 
30.08.2016 22:23:03.620 [DEBUG][main  ][SelectorLink        ] - SelectorLink create com.parsingHTML.logic.selector.SelectorLink@4cf777e8 
30.08.2016 22:23:04.170 [DEBUG][main  ][SelectorLink        ] - parsingButtonNames return [Информационных систем и защиты информации, Среднего профессионального образования №1, Среднего профессионального образования №2, Таможенного дела, Технологический, Товароведно-коммерческий, Учебно-методический центр повышения квалификации и переподготовки кадров, Экономики и менеджмента, Юридический, Второго высшего образования, Заочного обучения] 
30.08.2016 22:23:04.171 [DEBUG][main  ][SelectorLink        ] - goButton 2 
30.08.2016 22:23:04.172 [DEBUG][main  ][SelectorLink        ] - moveButton1 Move Среднего профессионального образования №2 
30.08.2016 22:23:04.172 [DEBUG][main  ][SelectorLink        ] - return http://rasp.bukep.ru/Default.aspx?tr=s&f=10084 
30.08.2016 22:23:04.265 [DEBUG][main  ][SelectorLink        ] - parsingButtonNames return [Информационные системы (по отраслям), Организация и технология защиты информации, Право и организация социального обеспечения, Прикладная информатика (по отраслям), Технология продукции общественного питания, Товароведение и экспертиза качества потребительских товаров] 
30.08.2016 22:23:04.266 [DEBUG][main  ][SelectorLink        ] - goButton 0 
30.08.2016 22:23:04.266 [DEBUG][main  ][SelectorLink        ] - moveButton2 Move Информационные системы (по отраслям) 
30.08.2016 22:23:04.267 [DEBUG][main  ][SelectorLink        ] - return http://rasp.bukep.ru/Default.aspx?tr=k&f=10084&s=%D0%98%D0%BD%D1%84%D0%BE%D1%80%D0%BC%D0%B0%D1%86%D0%B8%D0%BE%D0%BD%D0%BD%D1%8B%D0%B5+%D1%81%D0%B8%D1%81%D1%82%D0%B5%D0%BC%D1%8B+%28%D0%BF%D0%BE+%D0%BE%D1%82%D1%80%D0%B0%D1%81%D0%BB%D1%8F%D0%BC%291 
30.08.2016 22:23:04.363 [DEBUG][main  ][SelectorLink        ] - parsingButtonNames return [2 курс, 3 курс, 4 курс] 
30.08.2016 22:23:04.363 [DEBUG][main  ][SelectorLink        ] - goButton 3 
30.08.2016 22:23:04.364 [WARN ][main  ][SelectorLink        ] - Failed get Element - index<buttonSelect.size() size = 3 
30.08.2016 22:23:04.453 [DEBUG][main  ][SelectorLink        ] - parsingButtonNames return [2 курс, 3 курс, 4 курс] 
30.08.2016 22:23:14.515 [DEBUG][main  ][SelectorLink        ] - SelectorLink create com.parsingHTML.logic.selector.SelectorLink@4cf777e8 
30.08.2016 22:23:15.011 [DEBUG][main  ][SelectorLink        ] - parsingButtonNames return [Информационных систем и защиты информации, Среднего профессионального образования №1, Среднего профессионального образования №2, Таможенного дела, Технологический, Товароведно-коммерческий, Учебно-методический центр повышения квалификации и переподготовки кадров, Экономики и менеджмента, Юридический, Второго высшего образования, Заочного обучения] 
30.08.2016 22:23:15.013 [DEBUG][main  ][SelectorLink        ] - goButton 2 
30.08.2016 22:23:15.013 [DEBUG][main  ][SelectorLink        ] - moveButton1 Move Среднего профессионального образования №2 
30.08.2016 22:23:15.013 [DEBUG][main  ][SelectorLink        ] - return http://rasp.bukep.ru/Default.aspx?tr=s&f=10084 
30.08.2016 22:23:15.104 [DEBUG][main  ][SelectorLink        ] - parsingButtonNames return [Информационные системы (по отраслям), Организация и технология защиты информации, Право и организация социального обеспечения, Прикладная информатика (по отраслям), Технология продукции общественного питания, Товароведение и экспертиза качества потребительских товаров] 
30.08.2016 22:23:15.104 [DEBUG][main  ][SelectorLink        ] - goButton 0 
30.08.2016 22:23:15.104 [DEBUG][main  ][SelectorLink        ] - moveButton2 Move Информационные системы (по отраслям) 
30.08.2016 22:23:15.106 [DEBUG][main  ][SelectorLink        ] - return http://rasp.bukep.ru/Default.aspx?tr=k&f=10084&s=%D0%98%D0%BD%D1%84%D0%BE%D1%80%D0%BC%D0%B0%D1%86%D0%B8%D0%BE%D0%BD%D0%BD%D1%8B%D0%B5+%D1%81%D0%B8%D1%81%D1%82%D0%B5%D0%BC%D1%8B+%28%D0%BF%D0%BE+%D0%BE%D1%82%D1%80%D0%B0%D1%81%D0%BB%D1%8F%D0%BC%291 
30.08.2016 22:23:15.195 [DEBUG][main  ][SelectorLink        ] - parsingButtonNames return [2 курс, 3 курс, 4 курс] 
30.08.2016 22:23:15.196 [DEBUG][main  ][SelectorLink        ] - goButton 3 
30.08.2016 22:23:15.196 [WARN ][main  ][SelectorLink        ] - Failed get Element - index<buttonSelect.size() size = 3 
30.08.2016 22:23:15.291 [DEBUG][main  ][SelectorLink        ] - parsingButtonNames return [2 курс, 3 курс, 4 курс] 
30.08.2016 22:23:36.594 [DEBUG][main  ][SelectorLink        ] - SelectorLink create com.parsingHTML.logic.selector.SelectorLink@4cf777e8 
30.08.2016 22:23:37.075 [DEBUG][main  ][SelectorLink        ] - parsingButtonNames return [Информационных систем и защиты информации, Среднего профессионального образования №1, Среднего профессионального образования №2, Таможенного дела, Технологический, Товароведно-коммерческий, Учебно-методический центр повышения квалификации и переподготовки кадров, Экономики и менеджмента, Юридический, Второго высшего образования, Заочного обучения] 
30.08.2016 22:23:37.076 [DEBUG][main  ][SelectorLink        ] - goButton 2 
30.08.2016 22:23:48.332 [DEBUG][main  ][SelectorLink        ] - moveButton1 Move Среднего профессионального образования №2 
30.08.2016 22:23:48.332 [DEBUG][main  ][SelectorLink        ] - return http://rasp.bukep.ru/Default.aspx?tr=s&f=10084 
30.08.2016 22:23:48.567 [DEBUG][main  ][SelectorLink        ] - parsingButtonNames return [Информационные системы (по отраслям), Организация и технология защиты информации, Право и организация социального обеспечения, Прикладная информатика (по отраслям), Технология продукции общественного питания, Товароведение и экспертиза качества потребительских товаров] 
30.08.2016 22:23:48.567 [DEBUG][main  ][SelectorLink        ] - goButton 0 
30.08.2016 22:24:25.336 [DEBUG][main  ][SelectorLink        ] - moveButton2 Move Информационные системы (по отраслям) 
30.08.2016 22:24:25.338 [DEBUG][main  ][SelectorLink        ] - return http://rasp.bukep.ru/Default.aspx?tr=k&f=10084&s=%D0%98%D0%BD%D1%84%D0%BE%D1%80%D0%BC%D0%B0%D1%86%D0%B8%D0%BE%D0%BD%D0%BD%D1%8B%D0%B5+%D1%81%D0%B8%D1%81%D1%82%D0%B5%D0%BC%D1%8B+%28%D0%BF%D0%BE+%D0%BE%D1%82%D1%80%D0%B0%D1%81%D0%BB%D1%8F%D0%BC%291 
30.08.2016 22:24:25.494 [DEBUG][main  ][SelectorLink        ] - parsingButtonNames return [2 курс, 3 курс, 4 курс] 
30.08.2016 22:24:25.494 [DEBUG][main  ][SelectorLink        ] - goButton 3 
30.08.2016 22:24:25.495 [WARN ][main  ][SelectorLink        ] - Failed get Element - index<buttonSelect.size() size = 3 
30.08.2016 22:24:25.576 [DEBUG][main  ][SelectorLink        ] - parsingButtonNames return [2 курс, 3 курс, 4 курс] 
30.08.2016 22:24:35.430 [DEBUG][main  ][SelectorLink        ] - SelectorLink create com.parsingHTML.logic.selector.SelectorLink@4cf777e8 
30.08.2016 22:24:35.971 [DEBUG][main  ][SelectorLink        ] - parsingButtonNames return [Информационных систем и защиты информации, Среднего профессионального образования №1, Среднего профессионального образования №2, Таможенного дела, Технологический, Товароведно-коммерческий, Учебно-методический центр повышения квалификации и переподготовки кадров, Экономики и менеджмента, Юридический, Второго высшего образования, Заочного обучения] 
30.08.2016 22:24:35.973 [DEBUG][main  ][SelectorLink        ] - goButton 2 
30.08.2016 22:24:35.973 [DEBUG][main  ][SelectorLink        ] - moveButton1 Move Среднего профессионального образования №2 
30.08.2016 22:24:35.974 [DEBUG][main  ][SelectorLink        ] - return http://rasp.bukep.ru/Default.aspx?tr=s&f=10084 
30.08.2016 22:24:36.061 [DEBUG][main  ][SelectorLink        ] - parsingButtonNames return [Информационные системы (по отраслям), Организация и технология защиты информации, Право и организация социального обеспечения, Прикладная информатика (по отраслям), Технология продукции общественного питания, Товароведение и экспертиза качества потребительских товаров] 
30.08.2016 22:24:36.065 [DEBUG][main  ][SelectorLink        ] - goButton 0 
30.08.2016 22:24:36.065 [DEBUG][main  ][SelectorLink        ] - moveButton2 Move Информационные системы (по отраслям) 
30.08.2016 22:24:36.066 [DEBUG][main  ][SelectorLink        ] - return http://rasp.bukep.ru/Default.aspx?tr=k&f=10084&s=%D0%98%D0%BD%D1%84%D0%BE%D1%80%D0%BC%D0%B0%D1%86%D0%B8%D0%BE%D0%BD%D0%BD%D1%8B%D0%B5+%D1%81%D0%B8%D1%81%D1%82%D0%B5%D0%BC%D1%8B+%28%D0%BF%D0%BE+%D0%BE%D1%82%D1%80%D0%B0%D1%81%D0%BB%D1%8F%D0%BC%291 
30.08.2016 22:24:36.166 [DEBUG][main  ][SelectorLink        ] - parsingButtonNames return [2 курс, 3 курс, 4 курс] 
30.08.2016 22:24:36.166 [DEBUG][main  ][SelectorLink        ] - goButton 3 
30.08.2016 22:24:36.167 [WARN ][main  ][SelectorLink        ] - Failed get Element - index<buttonSelect.size() size = 3 
30.08.2016 22:24:36.251 [DEBUG][main  ][SelectorLink        ] - parsingButtonNames return [2 курс, 3 курс, 4 курс] 
30.08.2016 22:24:36.252 [DEBUG][main  ][SelectorLink        ] - goButton 0 
30.08.2016 22:24:36.252 [DEBUG][main  ][SelectorLink        ] - moveButton3 Move 2 курс 
30.08.2016 22:25:21.561 [DEBUG][main  ][SelectorLink        ] - return http://rasp.bukep.ru/Default.aspx?tr=g&f=10084&s=%D0%98%D0%BD%D1%84%D0%BE%D1%80%D0%BC%D0%B0%D1%86%D0%B8%D0%BE%D0%BD%D0%BD%D1%8B%D0%B5+%D1%81%D0%B8%D1%81%D1%82%D0%B5%D0%BC%D1%8B+%28%D0%BF%D0%BE+%D0%BE%D1%82%D1%80%D0%B0%D1%81%D0%BB%D1%8F%D0%BC%291&k=2 
30.08.2016 22:25:22.243 [DEBUG][main  ][SelectorLink        ] - parsingButtonNames return [] 
30.08.2016 22:27:54.448 [DEBUG][main  ][SelectorLink        ] - SelectorLink create com.parsingHTML.logic.selector.SelectorLink@4cf777e8 
30.08.2016 22:27:54.980 [DEBUG][main  ][SelectorLink        ] - parsingButtonNames return [Информационных систем и защиты информации, Среднего профессионального образования №1, Среднего профессионального образования №2, Таможенного дела, Технологический, Товароведно-коммерческий, Учебно-методический центр повышения квалификации и переподготовки кадров, Экономики и менеджмента, Юридический, Второго высшего образования, Заочного обучения] 
30.08.2016 22:27:54.982 [DEBUG][main  ][SelectorLink        ] - goButton 2 move = 1 
30.08.2016 22:27:54.983 [DEBUG][main  ][SelectorLink        ] - moveButton1 Move Среднего профессионального образования №2 
30.08.2016 22:27:54.983 [DEBUG][main  ][SelectorLink        ] - return http://rasp.bukep.ru/Default.aspx?tr=s&f=10084 
30.08.2016 22:27:55.066 [DEBUG][main  ][SelectorLink        ] - parsingButtonNames return [Информационные системы (по отраслям), Организация и технология защиты информации, Право и организация социального обеспечения, Прикладная информатика (по отраслям), Технология продукции общественного питания, Товароведение и экспертиза качества потребительских товаров] 
30.08.2016 22:27:55.067 [DEBUG][main  ][SelectorLink        ] - goButton 3 move = 2 
30.08.2016 22:27:55.067 [DEBUG][main  ][SelectorLink        ] - moveButton2 Move Прикладная информатика (по отраслям) 
30.08.2016 22:27:55.068 [DEBUG][main  ][SelectorLink        ] - return http://rasp.bukep.ru/Default.aspx?tr=k&f=10084&s=%D0%9F%D1%80%D0%B8%D0%BA%D0%BB%D0%B0%D0%B4%D0%BD%D0%B0%D1%8F+%D0%B8%D0%BD%D1%84%D0%BE%D1%80%D0%BC%D0%B0%D1%82%D0%B8%D0%BA%D0%B0+%28%D0%BF%D0%BE+%D0%BE%D1%82%D1%80%D0%B0%D1%81%D0%BB%D1%8F%D0%BC%291 
30.08.2016 22:27:55.143 [DEBUG][main  ][SelectorLink        ] - parsingButtonNames return [2 курс, 3 курс, 4 курс] 
30.08.2016 22:27:55.144 [DEBUG][main  ][SelectorLink        ] - goButton 0 move = 3 
30.08.2016 22:27:55.144 [DEBUG][main  ][SelectorLink        ] - moveButton3 Move 2 курс 
30.08.2016 22:29:01.828 [DEBUG][main  ][SelectorLink        ] - return http://rasp.bukep.ru/Default.aspx?tr=g&f=10084&s=%D0%9F%D1%80%D0%B8%D0%BA%D0%BB%D0%B0%D0%B4%D0%BD%D0%B0%D1%8F+%D0%B8%D0%BD%D1%84%D0%BE%D1%80%D0%BC%D0%B0%D1%82%D0%B8%D0%BA%D0%B0+%28%D0%BF%D0%BE+%D0%BE%D1%82%D1%80%D0%B0%D1%81%D0%BB%D1%8F%D0%BC%291&k=2 
30.08.2016 22:29:02.475 [DEBUG][main  ][SelectorLink        ] - parsingButtonNames return [] 
30.08.2016 22:50:45.268 [DEBUG][main  ][SelectorLink        ] - SelectorLink create com.parsingHTML.logic.selector.SelectorLink@2dda6444 
30.08.2016 22:50:45.834 [DEBUG][main  ][SelectorLink        ] - parsingButtonNames return [Информационных систем и защиты информации, Среднего профессионального образования №1, Среднего профессионального образования №2, Таможенного дела, Технологический, Товароведно-коммерческий, Учебно-методический центр повышения квалификации и переподготовки кадров, Экономики и менеджмента, Юридический, Второго высшего образования, Заочного обучения] 
30.08.2016 22:50:45.835 [DEBUG][main  ][SelectorLink        ] - goButton 1 move = 1 
30.08.2016 22:50:45.835 [DEBUG][main  ][SelectorLink        ] - moveButton1 Move Среднего профессионального образования №1 
30.08.2016 22:50:45.836 [DEBUG][main  ][SelectorLink        ] - return http://rasp.bukep.ru/Default.aspx?tr=s&f=10083 
30.08.2016 22:50:45.924 [DEBUG][main  ][SelectorLink        ] - parsingButtonNames return [Банковское дело, Гостиничный сервис, Коммерция (по отраслям), Операционная деятельность в логистике, Реклама, Туризм, Экономика и бухгалтерский учет (по отраслям)] 
30.08.2016 22:50:45.925 [DEBUG][main  ][SelectorLink        ] - goButton 1 move = 2 
30.08.2016 22:50:45.925 [DEBUG][main  ][SelectorLink        ] - moveButton2 Move Гостиничный сервис 
30.08.2016 22:50:45.928 [DEBUG][main  ][SelectorLink        ] - return http://rasp.bukep.ru/Default.aspx?tr=k&f=10083&s=%D0%93%D0%BE%D1%81%D1%82%D0%B8%D0%BD%D0%B8%D1%87%D0%BD%D1%8B%D0%B9+%D1%81%D0%B5%D1%80%D0%B2%D0%B8%D1%811 
30.08.2016 22:50:46.013 [DEBUG][main  ][SelectorLink        ] - parsingButtonNames return [2 курс] 
30.08.2016 22:50:46.014 [DEBUG][main  ][SelectorLink        ] - goButton 0 move = 3 
30.08.2016 22:50:46.014 [DEBUG][main  ][SelectorLink        ] - moveButton3 Move 2 курс 
30.08.2016 22:50:46.014 [DEBUG][main  ][SelectorLink        ] - return http://rasp.bukep.ru/Default.aspx?tr=g&f=10083&s=%D0%93%D0%BE%D1%81%D1%82%D0%B8%D0%BD%D0%B8%D1%87%D0%BD%D1%8B%D0%B9+%D1%81%D0%B5%D1%80%D0%B2%D0%B8%D1%811&k=2 
30.08.2016 22:50:46.362 [DEBUG][main  ][SelectorLink        ] - parsingButtonNames return [ГС-21 (9) (расписание на семестр)] 
30.08.2016 22:50:46.362 [DEBUG][main  ][SelectorLink        ] - goButton 0 move = 4 
30.08.2016 22:50:46.362 [WARN ][main  ][SelectorLink        ] - can't go link more than 2 times. move = 4 
30.08.2016 22:50:46.780 [DEBUG][main  ][SelectorLink        ] - parsingButtonNames return [ГС-21 (9) (расписание на семестр)] 
30.08.2016 22:52:25.655 [DEBUG][main  ][SelectorLink        ] - SelectorLink create com.parsingHTML.logic.selector.SelectorLink@2dda6444 
30.08.2016 22:52:26.134 [DEBUG][main  ][SelectorLink        ] - parsingButtonNames return [Информационных систем и защиты информации, Среднего профессионального образования №1, Среднего профессионального образования №2, Таможенного дела, Технологический, Товароведно-коммерческий, Учебно-методический центр повышения квалификации и переподготовки кадров, Экономики и менеджмента, Юридический, Второго высшего образования, Заочного обучения] 
30.08.2016 22:52:26.136 [DEBUG][main  ][SelectorLink        ] - goButton 1 move = 1 
30.08.2016 22:52:26.136 [DEBUG][main  ][SelectorLink        ] - moveButton1 Move Среднего профессионального образования №1 
30.08.2016 22:52:26.137 [DEBUG][main  ][SelectorLink        ] - return http://rasp.bukep.ru/Default.aspx?tr=s&f=10083 
30.08.2016 22:52:26.274 [DEBUG][main  ][SelectorLink        ] - parsingButtonNames return [Банковское дело, Гостиничный сервис, Коммерция (по отраслям), Операционная деятельность в логистике, Реклама, Туризм, Экономика и бухгалтерский учет (по отраслям)] 
30.08.2016 22:52:26.275 [DEBUG][main  ][SelectorLink        ] - goButton 1 move = 2 
30.08.2016 22:52:26.275 [DEBUG][main  ][SelectorLink        ] - moveButton2 Move Гостиничный сервис 
30.08.2016 22:52:26.277 [DEBUG][main  ][SelectorLink        ] - return http://rasp.bukep.ru/Default.aspx?tr=k&f=10083&s=%D0%93%D0%BE%D1%81%D1%82%D0%B8%D0%BD%D0%B8%D1%87%D0%BD%D1%8B%D0%B9+%D1%81%D0%B5%D1%80%D0%B2%D0%B8%D1%811 
30.08.2016 22:52:26.405 [DEBUG][main  ][SelectorLink        ] - parsingButtonNames return [2 курс] 
30.08.2016 22:52:26.406 [DEBUG][main  ][SelectorLink        ] - goButton 0 move = 3 
30.08.2016 22:52:26.406 [DEBUG][main  ][SelectorLink        ] - moveButton3 Move 2 курс 
30.08.2016 22:52:26.407 [DEBUG][main  ][SelectorLink        ] - return http://rasp.bukep.ru/Default.aspx?tr=g&f=10083&s=%D0%93%D0%BE%D1%81%D1%82%D0%B8%D0%BD%D0%B8%D1%87%D0%BD%D1%8B%D0%B9+%D1%81%D0%B5%D1%80%D0%B2%D0%B8%D1%811&k=2 
30.08.2016 22:52:26.862 [DEBUG][main  ][SelectorLink        ] - parsingButtonNames return [ГС-21 (9) (расписание на семестр)] 
30.08.2016 22:52:26.863 [DEBUG][main  ][SelectorLink        ] - goButton 0 move = 4 
30.08.2016 22:52:26.863 [DEBUG][main  ][SelectorLink        ] - moveButton3 Move ГС-21 (9) (расписание на семестр) 
30.08.2016 22:52:26.863 [DEBUG][main  ][SelectorLink        ] - return http://rasp.bukep.ru/Default.aspx?tr=gweek&f=10083&s=%D0%93%D0%BE%D1%81%D1%82%D0%B8%D0%BD%D0%B8%D1%87%D0%BD%D1%8B%D0%B9+%D1%81%D0%B5%D1%80%D0%B2%D0%B8%D1%811&k=2&g=3516l0 
30.08.2016 22:52:27.063 [DEBUG][main  ][SelectorLink        ] - parsingButtonNames return [] 
30.08.2016 22:58:34.285 [DEBUG][main  ][SelectorLink        ] - SelectorLink create com.parsingHTML.logic.selector.SelectorLink@4cf777e8 
30.08.2016 22:58:34.841 [DEBUG][main  ][SelectorLink        ] - parsingButtonNames return [Информационных систем и защиты информации, Среднего профессионального образования №1, Среднего профессионального образования №2, Таможенного дела, Технологический, Товароведно-коммерческий, Учебно-методический центр повышения квалификации и переподготовки кадров, Экономики и менеджмента, Юридический, Второго высшего образования, Заочного обучения] 
30.08.2016 22:58:34.842 [DEBUG][main  ][SelectorLink        ] - goButton 1 move = 1 
30.08.2016 22:58:34.843 [DEBUG][main  ][SelectorLink        ] - moveButton1 Move Среднего профессионального образования №1 
30.08.2016 22:58:34.843 [DEBUG][main  ][SelectorLink        ] - return http://rasp.bukep.ru/Default.aspx?tr=s&f=10083 
30.08.2016 22:58:34.913 [DEBUG][main  ][SelectorLink        ] - parsingButtonNames return [Банковское дело, Гостиничный сервис, Коммерция (по отраслям), Операционная деятельность в логистике, Реклама, Туризм, Экономика и бухгалтерский учет (по отраслям)] 
30.08.2016 22:58:34.914 [DEBUG][main  ][SelectorLink        ] - goButton 1 move = 2 
30.08.2016 22:58:34.914 [DEBUG][main  ][SelectorLink        ] - moveButton2 Move Гостиничный сервис 
30.08.2016 22:58:34.916 [DEBUG][main  ][SelectorLink        ] - return http://rasp.bukep.ru/Default.aspx?tr=k&f=10083&s=%D0%93%D0%BE%D1%81%D1%82%D0%B8%D0%BD%D0%B8%D1%87%D0%BD%D1%8B%D0%B9+%D1%81%D0%B5%D1%80%D0%B2%D0%B8%D1%811 
30.08.2016 22:58:34.983 [DEBUG][main  ][SelectorLink        ] - parsingButtonNames return [2 курс] 
30.08.2016 22:58:34.983 [DEBUG][main  ][SelectorLink        ] - goButton 0 move = 3 
30.08.2016 22:58:34.983 [DEBUG][main  ][SelectorLink        ] - moveButton3 Move 2 курс 
30.08.2016 22:58:34.984 [DEBUG][main  ][SelectorLink        ] - return http://rasp.bukep.ru/Default.aspx?tr=g&f=10083&s=%D0%93%D0%BE%D1%81%D1%82%D0%B8%D0%BD%D0%B8%D1%87%D0%BD%D1%8B%D0%B9+%D1%81%D0%B5%D1%80%D0%B2%D0%B8%D1%811&k=2 
30.08.2016 22:58:39.613 [DEBUG][main  ][SelectorLink        ] - parsingButtonNames return [ГС-21 (9) (расписание на семестр)] 
30.08.2016 22:58:39.613 [DEBUG][main  ][SelectorLink        ] - goButton 0 move = 4 
30.08.2016 22:58:39.614 [DEBUG][main  ][SelectorLink        ] - moveButton3 Move ГС-21 (9) (расписание на семестр) 
30.08.2016 22:59:57.944 [DEBUG][main  ][SelectorLink        ] - SelectorLink create com.parsingHTML.logic.selector.SelectorLink@4cf777e8 
30.08.2016 22:59:58.452 [DEBUG][main  ][SelectorLink        ] - parsingButtonNames return [Информационных систем и защиты информации, Среднего профессионального образования №1, Среднего профессионального образования №2, Таможенного дела, Технологический, Товароведно-коммерческий, Учебно-методический центр повышения квалификации и переподготовки кадров, Экономики и менеджмента, Юридический, Второго высшего образования, Заочного обучения] 
30.08.2016 22:59:58.454 [DEBUG][main  ][SelectorLink        ] - goButton 1 move = 1 
30.08.2016 22:59:58.454 [DEBUG][main  ][SelectorLink        ] - moveButton1 Move Среднего профессионального образования №1 
30.08.2016 22:59:58.455 [DEBUG][main  ][SelectorLink        ] - return http://rasp.bukep.ru/Default.aspx?tr=s&f=10083 
30.08.2016 22:59:58.534 [DEBUG][main  ][SelectorLink        ] - parsingButtonNames return [Банковское дело, Гостиничный сервис, Коммерция (по отраслям), Операционная деятельность в логистике, Реклама, Туризм, Экономика и бухгалтерский учет (по отраслям)] 
30.08.2016 22:59:58.535 [DEBUG][main  ][SelectorLink        ] - goButton 1 move = 2 
30.08.2016 22:59:58.535 [DEBUG][main  ][SelectorLink        ] - moveButton2 Move Гостиничный сервис 
30.08.2016 22:59:58.537 [DEBUG][main  ][SelectorLink        ] - return http://rasp.bukep.ru/Default.aspx?tr=k&f=10083&s=%D0%93%D0%BE%D1%81%D1%82%D0%B8%D0%BD%D0%B8%D1%87%D0%BD%D1%8B%D0%B9+%D1%81%D0%B5%D1%80%D0%B2%D0%B8%D1%811 
30.08.2016 22:59:58.615 [DEBUG][main  ][SelectorLink        ] - parsingButtonNames return [2 курс] 
30.08.2016 22:59:58.615 [DEBUG][main  ][SelectorLink        ] - goButton 0 move = 3 
30.08.2016 22:59:58.616 [DEBUG][main  ][SelectorLink        ] - moveButton3 Move 2 курс 
30.08.2016 22:59:58.616 [DEBUG][main  ][SelectorLink        ] - return http://rasp.bukep.ru/Default.aspx?tr=g&f=10083&s=%D0%93%D0%BE%D1%81%D1%82%D0%B8%D0%BD%D0%B8%D1%87%D0%BD%D1%8B%D0%B9+%D1%81%D0%B5%D1%80%D0%B2%D0%B8%D1%811&k=2 
30.08.2016 22:59:59.134 [DEBUG][main  ][SelectorLink        ] - parsingButtonNames return [ГС-21 (9) (расписание на семестр)] 
30.08.2016 22:59:59.135 [DEBUG][main  ][SelectorLink        ] - goButton 0 move = 4 
30.08.2016 22:59:59.135 [DEBUG][main  ][SelectorLink        ] - moveButton3 Move ГС-21 (9) (расписание на семестр) 
30.08.2016 23:01:18.422 [DEBUG][main  ][SelectorLink        ] - return http://rasp.bukep.ru/Default.aspx?tr=gweek&f=10083&s=%D0%93%D0%BE%D1%81%D1%82%D0%B8%D0%BD%D0%B8%D1%87%D0%BD%D1%8B%D0%B9+%D1%81%D0%B5%D1%80%D0%B2%D0%B8%D1%811&k=2&g=l0 
30.08.2016 23:01:24.653 [DEBUG][main  ][SelectorLink        ] - SelectorLink create com.parsingHTML.logic.selector.SelectorLink@2dda6444 
30.08.2016 23:01:25.147 [DEBUG][main  ][SelectorLink        ] - parsingButtonNames return [Информационных систем и защиты информации, Среднего профессионального образования №1, Среднего профессионального образования №2, Таможенного дела, Технологический, Товароведно-коммерческий, Учебно-методический центр повышения квалификации и переподготовки кадров, Экономики и менеджмента, Юридический, Второго высшего образования, Заочного обучения] 
30.08.2016 23:01:25.148 [DEBUG][main  ][SelectorLink        ] - goButton 1 move = 1 
30.08.2016 23:01:25.148 [DEBUG][main  ][SelectorLink        ] - moveButton1 Move Среднего профессионального образования №1 
30.08.2016 23:01:25.149 [DEBUG][main  ][SelectorLink        ] - return http://rasp.bukep.ru/Default.aspx?tr=s&f=10083 
30.08.2016 23:01:25.238 [DEBUG][main  ][SelectorLink        ] - parsingButtonNames return [Банковское дело, Гостиничный сервис, Коммерция (по отраслям), Операционная деятельность в логистике, Реклама, Туризм, Экономика и бухгалтерский учет (по отраслям)] 
30.08.2016 23:01:25.239 [DEBUG][main  ][SelectorLink        ] - goButton 1 move = 2 
30.08.2016 23:01:25.239 [DEBUG][main  ][SelectorLink        ] - moveButton2 Move Гостиничный сервис 
30.08.2016 23:01:25.241 [DEBUG][main  ][SelectorLink        ] - return http://rasp.bukep.ru/Default.aspx?tr=k&f=10083&s=%D0%93%D0%BE%D1%81%D1%82%D0%B8%D0%BD%D0%B8%D1%87%D0%BD%D1%8B%D0%B9+%D1%81%D0%B5%D1%80%D0%B2%D0%B8%D1%811 
30.08.2016 23:01:25.321 [DEBUG][main  ][SelectorLink        ] - parsingButtonNames return [2 курс] 
30.08.2016 23:01:25.322 [DEBUG][main  ][SelectorLink        ] - goButton 0 move = 3 
30.08.2016 23:01:25.322 [DEBUG][main  ][SelectorLink        ] - moveButton3 Move 2 курс 
30.08.2016 23:01:25.322 [DEBUG][main  ][SelectorLink        ] - return http://rasp.bukep.ru/Default.aspx?tr=g&f=10083&s=%D0%93%D0%BE%D1%81%D1%82%D0%B8%D0%BD%D0%B8%D1%87%D0%BD%D1%8B%D0%B9+%D1%81%D0%B5%D1%80%D0%B2%D0%B8%D1%811&k=2 
30.08.2016 23:01:25.787 [DEBUG][main  ][SelectorLink        ] - parsingButtonNames return [ГС-21 (9) (расписание на семестр)] 
30.08.2016 23:01:25.788 [DEBUG][main  ][SelectorLink        ] - goButton 0 move = 4 
30.08.2016 23:01:25.788 [DEBUG][main  ][SelectorLink        ] - moveButton3 Move ГС-21 (9) (расписание на семестр) 
30.08.2016 23:01:25.788 [DEBUG][main  ][SelectorLink        ] - return http://rasp.bukep.ru/Default.aspx?tr=gweek&f=10083&s=%D0%93%D0%BE%D1%81%D1%82%D0%B8%D0%BD%D0%B8%D1%87%D0%BD%D1%8B%D0%B9+%D1%81%D0%B5%D1%80%D0%B2%D0%B8%D1%811&k=2&g=3516 
30.08.2016 23:01:25.973 [DEBUG][main  ][SelectorLink        ] - parsingButtonNames return [] 
30.08.2016 23:08:58.678 [DEBUG][main  ][SelectorLink        ] - SelectorLink create com.parsingHTML.logic.selector.SelectorLink@2dda6444 
30.08.2016 23:08:59.209 [DEBUG][main  ][SelectorLink        ] - parsingButtonNames return [Информационных систем и защиты информации, Среднего профессионального образования №1, Среднего профессионального образования №2, Таможенного дела, Технологический, Товароведно-коммерческий, Учебно-методический центр повышения квалификации и переподготовки кадров, Экономики и менеджмента, Юридический, Второго высшего образования, Заочного обучения] 
30.08.2016 23:08:59.211 [DEBUG][main  ][SelectorLink        ] - goButton 1 move = 1 
30.08.2016 23:08:59.211 [DEBUG][main  ][SelectorLink        ] - moveButton1 Move Среднего профессионального образования №1 
30.08.2016 23:08:59.213 [DEBUG][main  ][SelectorLink        ] - return http://rasp.bukep.ru/Default.aspx?tr=s&f=10083 
30.08.2016 23:08:59.306 [DEBUG][main  ][SelectorLink        ] - parsingButtonNames return [Банковское дело, Гостиничный сервис, Коммерция (по отраслям), Операционная деятельность в логистике, Реклама, Туризм, Экономика и бухгалтерский учет (по отраслям)] 
30.08.2016 23:08:59.307 [DEBUG][main  ][SelectorLink        ] - goButton 1 move = 2 
30.08.2016 23:08:59.307 [DEBUG][main  ][SelectorLink        ] - moveButton2 Move Гостиничный сервис 
30.08.2016 23:08:59.308 [DEBUG][main  ][SelectorLink        ] - return http://rasp.bukep.ru/Default.aspx?tr=k&f=10083&s=%D0%93%D0%BE%D1%81%D1%82%D0%B8%D0%BD%D0%B8%D1%87%D0%BD%D1%8B%D0%B9+%D1%81%D0%B5%D1%80%D0%B2%D0%B8%D1%811 
30.08.2016 23:08:59.388 [DEBUG][main  ][SelectorLink        ] - parsingButtonNames return [2 курс] 
30.08.2016 23:08:59.389 [DEBUG][main  ][SelectorLink        ] - goButton 0 move = 3 
30.08.2016 23:08:59.389 [DEBUG][main  ][SelectorLink        ] - moveButton3 Move 2 курс 
30.08.2016 23:08:59.389 [DEBUG][main  ][SelectorLink        ] - return http://rasp.bukep.ru/Default.aspx?tr=g&f=10083&s=%D0%93%D0%BE%D1%81%D1%82%D0%B8%D0%BD%D0%B8%D1%87%D0%BD%D1%8B%D0%B9+%D1%81%D0%B5%D1%80%D0%B2%D0%B8%D1%811&k=2 
30.08.2016 23:08:59.827 [DEBUG][main  ][SelectorLink        ] - parsingButtonNames return [ГС-21 (9) (расписание на семестр)] 
30.08.2016 23:08:59.828 [DEBUG][main  ][SelectorLink        ] - goButton 0 move = 4 
30.08.2016 23:08:59.828 [DEBUG][main  ][SelectorLink        ] - moveButton3 Move ГС-21 (9) (расписание на семестр) 
30.08.2016 23:08:59.829 [DEBUG][main  ][SelectorLink        ] - return http://rasp.bukep.ru/Default.aspx?tr=gweek&f=10083&s=%D0%93%D0%BE%D1%81%D1%82%D0%B8%D0%BD%D0%B8%D1%87%D0%BD%D1%8B%D0%B9+%D1%81%D0%B5%D1%80%D0%B2%D0%B8%D1%811&k=2&g=3516 
30.08.2016 23:09:00.025 [DEBUG][main  ][SelectorLink        ] - parsingButtonNames return [] 
30.08.2016 23:12:31.181 [DEBUG][main  ][SelectorLink        ] - SelectorLink create com.parsingHTML.logic.selector.SelectorLink@4783da3f 
30.08.2016 23:12:31.664 [DEBUG][main  ][SelectorLink        ] - parsingButtonNames return [Информационных систем и защиты информации, Среднего профессионального образования №1, Среднего профессионального образования №2, Таможенного дела, Технологический, Товароведно-коммерческий, Учебно-методический центр повышения квалификации и переподготовки кадров, Экономики и менеджмента, Юридический, Второго высшего образования, Заочного обучения] 
30.08.2016 23:12:31.665 [DEBUG][main  ][SelectorLink        ] - goButton 1 move = 1 
30.08.2016 23:12:31.665 [DEBUG][main  ][SelectorLink        ] - moveButton1 Move Среднего профессионального образования №1 
30.08.2016 23:12:31.666 [DEBUG][main  ][SelectorLink        ] - return http://rasp.bukep.ru/Default.aspx?tr=s&f=10083 
30.08.2016 23:12:31.751 [DEBUG][main  ][SelectorLink        ] - parsingButtonNames return [Банковское дело, Гостиничный сервис, Коммерция (по отраслям), Операционная деятельность в логистике, Реклама, Туризм, Экономика и бухгалтерский учет (по отраслям)] 
30.08.2016 23:12:31.752 [DEBUG][main  ][SelectorLink        ] - goButton 1 move = 2 
30.08.2016 23:12:31.752 [DEBUG][main  ][SelectorLink        ] - moveButton2 Move Гостиничный сервис 
30.08.2016 23:12:31.755 [DEBUG][main  ][SelectorLink        ] - return http://rasp.bukep.ru/Default.aspx?tr=k&f=10083&s=%D0%93%D0%BE%D1%81%D1%82%D0%B8%D0%BD%D0%B8%D1%87%D0%BD%D1%8B%D0%B9+%D1%81%D0%B5%D1%80%D0%B2%D0%B8%D1%811 
30.08.2016 23:12:31.842 [DEBUG][main  ][SelectorLink        ] - parsingButtonNames return [2 курс] 
30.08.2016 23:12:31.843 [DEBUG][main  ][SelectorLink        ] - goButton 0 move = 3 
30.08.2016 23:12:31.843 [DEBUG][main  ][SelectorLink        ] - moveButton3 Move 2 курс 
30.08.2016 23:12:31.843 [DEBUG][main  ][SelectorLink        ] - return http://rasp.bukep.ru/Default.aspx?tr=g&f=10083&s=%D0%93%D0%BE%D1%81%D1%82%D0%B8%D0%BD%D0%B8%D1%87%D0%BD%D1%8B%D0%B9+%D1%81%D0%B5%D1%80%D0%B2%D0%B8%D1%811&k=2 
30.08.2016 23:12:32.298 [DEBUG][main  ][SelectorLink        ] - parsingButtonNames return [ГС-21 (9) (расписание на семестр)] 
30.08.2016 23:12:32.299 [DEBUG][main  ][SelectorLink        ] - goButton 0 move = 4 
30.08.2016 23:12:32.299 [DEBUG][main  ][SelectorLink        ] - moveButton3 Move ГС-21 (9) (расписание на семестр) 
30.08.2016 23:12:32.299 [DEBUG][main  ][SelectorLink        ] - return http://rasp.bukep.ru/Default.aspx?tr=gweek&f=10083&s=%D0%93%D0%BE%D1%81%D1%82%D0%B8%D0%BD%D0%B8%D1%87%D0%BD%D1%8B%D0%B9+%D1%81%D0%B5%D1%80%D0%B2%D0%B8%D1%811&k=2&g=3516 
30.08.2016 23:12:32.507 [DEBUG][main  ][SelectorLink        ] - parsingButtonNames return [] 
30.08.2016 23:17:08.082 [DEBUG][main  ][SelectorLink        ] - SelectorLink create com.parsingHTML.logic.selector.SelectorLink@2dda6444 
30.08.2016 23:17:08.597 [DEBUG][main  ][SelectorLink        ] - parsingButtonNames return [Информационных систем и защиты информации, Среднего профессионального образования №1, Среднего профессионального образования №2, Таможенного дела, Технологический, Товароведно-коммерческий, Учебно-методический центр повышения квалификации и переподготовки кадров, Экономики и менеджмента, Юридический, Второго высшего образования, Заочного обучения] 
30.08.2016 23:17:08.598 [DEBUG][main  ][SelectorLink        ] - goButton 1 move = 1 
30.08.2016 23:17:08.599 [DEBUG][main  ][SelectorLink        ] - moveButton1 Move Среднего профессионального образования №1 
30.08.2016 23:17:08.599 [DEBUG][main  ][SelectorLink        ] - return http://rasp.bukep.ru/Default.aspx?tr=s&f=10083 
30.08.2016 23:17:08.681 [DEBUG][main  ][SelectorLink        ] - parsingButtonNames return [Банковское дело, Гостиничный сервис, Коммерция (по отраслям), Операционная деятельность в логистике, Реклама, Туризм, Экономика и бухгалтерский учет (по отраслям)] 
30.08.2016 23:17:08.683 [DEBUG][main  ][SelectorLink        ] - goButton 1 move = 2 
30.08.2016 23:17:08.683 [DEBUG][main  ][SelectorLink        ] - moveButton2 Move Гостиничный сервис 
30.08.2016 23:17:08.685 [DEBUG][main  ][SelectorLink        ] - return http://rasp.bukep.ru/Default.aspx?tr=k&f=10083&s=%D0%93%D0%BE%D1%81%D1%82%D0%B8%D0%BD%D0%B8%D1%87%D0%BD%D1%8B%D0%B9+%D1%81%D0%B5%D1%80%D0%B2%D0%B8%D1%811 
30.08.2016 23:17:08.787 [DEBUG][main  ][SelectorLink        ] - parsingButtonNames return [2 курс] 
30.08.2016 23:17:08.788 [DEBUG][main  ][SelectorLink        ] - goButton 0 move = 3 
30.08.2016 23:17:08.788 [DEBUG][main  ][SelectorLink        ] - moveButton3 Move 2 курс 
30.08.2016 23:17:08.788 [DEBUG][main  ][SelectorLink        ] - return http://rasp.bukep.ru/Default.aspx?tr=g&f=10083&s=%D0%93%D0%BE%D1%81%D1%82%D0%B8%D0%BD%D0%B8%D1%87%D0%BD%D1%8B%D0%B9+%D1%81%D0%B5%D1%80%D0%B2%D0%B8%D1%811&k=2 
30.08.2016 23:17:09.253 [DEBUG][main  ][SelectorLink        ] - parsingButtonNames return [ГС-21 (9) (расписание на семестр)] 
30.08.2016 23:17:09.253 [DEBUG][main  ][SelectorLink        ] - goButton 0 move = 4 
30.08.2016 23:17:09.254 [DEBUG][main  ][SelectorLink        ] - moveButton3 Move ГС-21 (9) (расписание на семестр) 
30.08.2016 23:17:09.254 [DEBUG][main  ][SelectorLink        ] - return http://rasp.bukep.ru/Default.aspx?tr=gweek&f=10083&s=%D0%93%D0%BE%D1%81%D1%82%D0%B8%D0%BD%D0%B8%D1%87%D0%BD%D1%8B%D0%B9+%D1%81%D0%B5%D1%80%D0%B2%D0%B8%D1%811&k=2&g=3516 
30.08.2016 23:17:09.466 [DEBUG][main  ][SelectorLink        ] - parsingButtonNames return [] 
30.08.2016 23:18:52.240 [DEBUG][main  ][SelectorLink        ] - SelectorLink create com.parsingHTML.logic.selector.SelectorLink@4cf777e8 
30.08.2016 23:18:52.983 [DEBUG][main  ][SelectorLink        ] - parsingButtonNames return [Информационных систем и защиты информации, Среднего профессионального образования №1, Среднего профессионального образования №2, Таможенного дела, Технологический, Товароведно-коммерческий, Учебно-методический центр повышения квалификации и переподготовки кадров, Экономики и менеджмента, Юридический, Второго высшего образования, Заочного обучения] 
30.08.2016 23:18:52.985 [DEBUG][main  ][SelectorLink        ] - goButton 1 move = 1 
30.08.2016 23:18:52.986 [DEBUG][main  ][SelectorLink        ] - moveButton1 Move Среднего профессионального образования №1 
30.08.2016 23:18:52.986 [DEBUG][main  ][SelectorLink        ] - return http://rasp.bukep.ru/Default.aspx?tr=s&f=10083 
30.08.2016 23:18:53.073 [DEBUG][main  ][SelectorLink        ] - parsingButtonNames return [Банковское дело, Гостиничный сервис, Коммерция (по отраслям), Операционная деятельность в логистике, Реклама, Туризм, Экономика и бухгалтерский учет (по отраслям)] 
30.08.2016 23:18:53.074 [DEBUG][main  ][SelectorLink        ] - goButton 1 move = 2 
30.08.2016 23:18:53.074 [DEBUG][main  ][SelectorLink        ] - moveButton2 Move Гостиничный сервис 
30.08.2016 23:18:53.076 [DEBUG][main  ][SelectorLink        ] - return http://rasp.bukep.ru/Default.aspx?tr=k&f=10083&s=%D0%93%D0%BE%D1%81%D1%82%D0%B8%D0%BD%D0%B8%D1%87%D0%BD%D1%8B%D0%B9+%D1%81%D0%B5%D1%80%D0%B2%D0%B8%D1%811 
30.08.2016 23:18:53.157 [DEBUG][main  ][SelectorLink        ] - parsingButtonNames return [2 курс] 
30.08.2016 23:18:53.158 [DEBUG][main  ][SelectorLink        ] - goButton 0 move = 3 
30.08.2016 23:18:53.158 [DEBUG][main  ][SelectorLink        ] - moveButton3 Move 2 курс 
30.08.2016 23:18:53.159 [DEBUG][main  ][SelectorLink        ] - return http://rasp.bukep.ru/Default.aspx?tr=g&f=10083&s=%D0%93%D0%BE%D1%81%D1%82%D0%B8%D0%BD%D0%B8%D1%87%D0%BD%D1%8B%D0%B9+%D1%81%D0%B5%D1%80%D0%B2%D0%B8%D1%811&k=2 
30.08.2016 23:18:53.563 [DEBUG][main  ][SelectorLink        ] - parsingButtonNames return [ГС-21 (9) (расписание на семестр)] 
30.08.2016 23:18:53.563 [DEBUG][main  ][SelectorLink        ] - goButton 0 move = 4 
30.08.2016 23:18:53.564 [DEBUG][main  ][SelectorLink        ] - moveButton3 Move ГС-21 (9) (расписание на семестр) 
30.08.2016 23:18:53.564 [DEBUG][main  ][SelectorLink        ] - return http://rasp.bukep.ru/Default.aspx?tr=gweek&f=10083&s=%D0%93%D0%BE%D1%81%D1%82%D0%B8%D0%BD%D0%B8%D1%87%D0%BD%D1%8B%D0%B9+%D1%81%D0%B5%D1%80%D0%B2%D0%B8%D1%811&k=2&g=3516 
30.08.2016 23:18:53.720 [DEBUG][main  ][SelectorLink        ] - parsingButtonNames return [] 
30.08.2016 23:22:42.098 [DEBUG][main  ][SelectorLink        ] - SelectorLink create com.parsingHTML.logic.selector.SelectorLink@4cf777e8 
30.08.2016 23:22:42.767 [DEBUG][main  ][SelectorLink        ] - parsingButtonNames return [Информационных систем и защиты информации, Среднего профессионального образования №1, Среднего профессионального образования №2, Таможенного дела, Технологический, Товароведно-коммерческий, Учебно-методический центр повышения квалификации и переподготовки кадров, Экономики и менеджмента, Юридический, Второго высшего образования, Заочного обучения] 
30.08.2016 23:22:42.768 [DEBUG][main  ][SelectorLink        ] - goButton 1 move = 1 
30.08.2016 23:22:42.769 [DEBUG][main  ][SelectorLink        ] - moveButton1 Move Среднего профессионального образования №1 
30.08.2016 23:22:42.769 [DEBUG][main  ][SelectorLink        ] - return http://rasp.bukep.ru/Default.aspx?tr=s&f=10083 
30.08.2016 23:22:42.865 [DEBUG][main  ][SelectorLink        ] - parsingButtonNames return [Банковское дело, Гостиничный сервис, Коммерция (по отраслям), Операционная деятельность в логистике, Реклама, Туризм, Экономика и бухгалтерский учет (по отраслям)] 
30.08.2016 23:22:42.866 [DEBUG][main  ][SelectorLink        ] - goButton 1 move = 2 
30.08.2016 23:22:42.866 [DEBUG][main  ][SelectorLink        ] - moveButton2 Move Гостиничный сервис 
30.08.2016 23:22:42.868 [DEBUG][main  ][SelectorLink        ] - return http://rasp.bukep.ru/Default.aspx?tr=k&f=10083&s=%D0%93%D0%BE%D1%81%D1%82%D0%B8%D0%BD%D0%B8%D1%87%D0%BD%D1%8B%D0%B9+%D1%81%D0%B5%D1%80%D0%B2%D0%B8%D1%811 
30.08.2016 23:22:42.949 [DEBUG][main  ][SelectorLink        ] - parsingButtonNames return [2 курс] 
30.08.2016 23:22:42.950 [DEBUG][main  ][SelectorLink        ] - goButton 0 move = 3 
30.08.2016 23:22:42.950 [DEBUG][main  ][SelectorLink        ] - moveButton3 Move 2 курс 
30.08.2016 23:22:42.951 [DEBUG][main  ][SelectorLink        ] - return http://rasp.bukep.ru/Default.aspx?tr=g&f=10083&s=%D0%93%D0%BE%D1%81%D1%82%D0%B8%D0%BD%D0%B8%D1%87%D0%BD%D1%8B%D0%B9+%D1%81%D0%B5%D1%80%D0%B2%D0%B8%D1%811&k=2 
30.08.2016 23:22:43.431 [DEBUG][main  ][SelectorLink        ] - parsingButtonNames return [ГС-21 (9) (расписание на семестр)] 
30.08.2016 23:22:43.432 [DEBUG][main  ][SelectorLink        ] - goButton 0 move = 4 
30.08.2016 23:22:43.432 [DEBUG][main  ][SelectorLink        ] - moveButton3 Move ГС-21 (9) (расписание на семестр) 
30.08.2016 23:22:43.432 [DEBUG][main  ][SelectorLink        ] - return http://rasp.bukep.ru/Default.aspx?tr=gweek&f=10083&s=%D0%93%D0%BE%D1%81%D1%82%D0%B8%D0%BD%D0%B8%D1%87%D0%BD%D1%8B%D0%B9+%D1%81%D0%B5%D1%80%D0%B2%D0%B8%D1%811&k=2&g=3516 
30.08.2016 23:22:43.634 [DEBUG][main  ][SelectorLink        ] - parsingButtonNames return [] 
30.08.2016 23:26:35.988 [DEBUG][main  ][SelectorLink        ] - SelectorLink create com.parsingHTML.logic.selector.SelectorLink@4cf777e8 
30.08.2016 23:26:36.641 [DEBUG][main  ][SelectorLink        ] - parsingButtonNames return [Информационных систем и защиты информации, Среднего профессионального образования №1, Среднего профессионального образования №2, Таможенного дела, Технологический, Товароведно-коммерческий, Учебно-методический центр повышения квалификации и переподготовки кадров, Экономики и менеджмента, Юридический, Второго высшего образования, Заочного обучения] 
30.08.2016 23:26:36.643 [DEBUG][main  ][SelectorLink        ] - goButton 1 move = 1 
30.08.2016 23:26:36.643 [DEBUG][main  ][SelectorLink        ] - moveButton1 Move Среднего профессионального образования №1 
30.08.2016 23:26:36.644 [DEBUG][main  ][SelectorLink        ] - return http://rasp.bukep.ru/Default.aspx?tr=s&f=10083 
30.08.2016 23:26:36.743 [DEBUG][main  ][SelectorLink        ] - parsingButtonNames return [Банковское дело, Гостиничный сервис, Коммерция (по отраслям), Операционная деятельность в логистике, Реклама, Туризм, Экономика и бухгалтерский учет (по отраслям)] 
30.08.2016 23:26:36.744 [DEBUG][main  ][SelectorLink        ] - goButton 1 move = 2 
30.08.2016 23:26:36.744 [DEBUG][main  ][SelectorLink        ] - moveButton2 Move Гостиничный сервис 
30.08.2016 23:26:36.746 [DEBUG][main  ][SelectorLink        ] - return http://rasp.bukep.ru/Default.aspx?tr=k&f=10083&s=%D0%93%D0%BE%D1%81%D1%82%D0%B8%D0%BD%D0%B8%D1%87%D0%BD%D1%8B%D0%B9+%D1%81%D0%B5%D1%80%D0%B2%D0%B8%D1%811 
30.08.2016 23:26:36.822 [DEBUG][main  ][SelectorLink        ] - parsingButtonNames return [2 курс] 
30.08.2016 23:26:36.823 [DEBUG][main  ][SelectorLink        ] - goButton 0 move = 3 
30.08.2016 23:26:36.823 [DEBUG][main  ][SelectorLink        ] - moveButton3 Move 2 курс 
30.08.2016 23:26:36.824 [DEBUG][main  ][SelectorLink        ] - return http://rasp.bukep.ru/Default.aspx?tr=g&f=10083&s=%D0%93%D0%BE%D1%81%D1%82%D0%B8%D0%BD%D0%B8%D1%87%D0%BD%D1%8B%D0%B9+%D1%81%D0%B5%D1%80%D0%B2%D0%B8%D1%811&k=2 
30.08.2016 23:26:37.264 [DEBUG][main  ][SelectorLink        ] - parsingButtonNames return [ГС-21 (9) (расписание на семестр)] 
30.08.2016 23:26:37.264 [DEBUG][main  ][SelectorLink        ] - goButton 0 move = 4 
30.08.2016 23:26:37.265 [DEBUG][main  ][SelectorLink        ] - moveButton3 Move ГС-21 (9) (расписание на семестр) 
30.08.2016 23:26:37.265 [DEBUG][main  ][SelectorLink        ] - return http://rasp.bukep.ru/Default.aspx?tr=gweek&f=10083&s=%D0%93%D0%BE%D1%81%D1%82%D0%B8%D0%BD%D0%B8%D1%87%D0%BD%D1%8B%D0%B9+%D1%81%D0%B5%D1%80%D0%B2%D0%B8%D1%811&k=2&g=3516 
30.08.2016 23:26:37.493 [DEBUG][main  ][SelectorLink        ] - parsingButtonNames return [] 
30.08.2016 23:33:19.960 [DEBUG][main  ][SelectorLink        ] - SelectorLink create com.parsingHTML.logic.selector.SelectorLink@2dda6444 
30.08.2016 23:33:20.498 [DEBUG][main  ][SelectorLink        ] - parsingButtonNames return [Информационных систем и защиты информации, Среднего профессионального образования №1, Среднего профессионального образования №2, Таможенного дела, Технологический, Товароведно-коммерческий, Учебно-методический центр повышения квалификации и переподготовки кадров, Экономики и менеджмента, Юридический, Второго высшего образования, Заочного обучения] 
30.08.2016 23:33:20.501 [DEBUG][main  ][SelectorLink        ] - goButton 1 move = 1 
30.08.2016 23:33:20.502 [DEBUG][main  ][SelectorLink        ] - moveButton1 Move Среднего профессионального образования №1 
30.08.2016 23:33:20.502 [DEBUG][main  ][SelectorLink        ] - return http://rasp.bukep.ru/Default.aspx?tr=s&f=10083 
30.08.2016 23:33:20.591 [DEBUG][main  ][SelectorLink        ] - parsingButtonNames return [Банковское дело, Гостиничный сервис, Коммерция (по отраслям), Операционная деятельность в логистике, Реклама, Туризм, Экономика и бухгалтерский учет (по отраслям)] 
30.08.2016 23:33:20.591 [DEBUG][main  ][SelectorLink        ] - goButton 1 move = 2 
30.08.2016 23:33:20.592 [DEBUG][main  ][SelectorLink        ] - moveButton2 Move Гостиничный сервис 
30.08.2016 23:33:20.593 [DEBUG][main  ][SelectorLink        ] - return http://rasp.bukep.ru/Default.aspx?tr=k&f=10083&s=%D0%93%D0%BE%D1%81%D1%82%D0%B8%D0%BD%D0%B8%D1%87%D0%BD%D1%8B%D0%B9+%D1%81%D0%B5%D1%80%D0%B2%D0%B8%D1%811 
30.08.2016 23:33:20.674 [DEBUG][main  ][SelectorLink        ] - parsingButtonNames return [2 курс] 
30.08.2016 23:33:20.675 [DEBUG][main  ][SelectorLink        ] - goButton 0 move = 3 
30.08.2016 23:33:20.675 [DEBUG][main  ][SelectorLink        ] - moveButton3 Move 2 курс 
30.08.2016 23:33:20.675 [DEBUG][main  ][SelectorLink        ] - return http://rasp.bukep.ru/Default.aspx?tr=g&f=10083&s=%D0%93%D0%BE%D1%81%D1%82%D0%B8%D0%BD%D0%B8%D1%87%D0%BD%D1%8B%D0%B9+%D1%81%D0%B5%D1%80%D0%B2%D0%B8%D1%811&k=2 
30.08.2016 23:33:21.163 [DEBUG][main  ][SelectorLink        ] - parsingButtonNames return [ГС-21 (9) (расписание на семестр)] 
30.08.2016 23:33:21.163 [DEBUG][main  ][SelectorLink        ] - goButton 0 move = 4 
30.08.2016 23:33:21.163 [DEBUG][main  ][SelectorLink        ] - moveButton3 Move ГС-21 (9) (расписание на семестр) 
30.08.2016 23:33:21.164 [DEBUG][main  ][SelectorLink        ] - return http://rasp.bukep.ru/Default.aspx?tr=gweek&f=10083&s=%D0%93%D0%BE%D1%81%D1%82%D0%B8%D0%BD%D0%B8%D1%87%D0%BD%D1%8B%D0%B9+%D1%81%D0%B5%D1%80%D0%B2%D0%B8%D1%811&k=2&g=3516 
30.08.2016 23:33:21.347 [DEBUG][main  ][SelectorLink        ] - parsingButtonNames return [] 
30.08.2016 23:33:58.280 [DEBUG][main  ][SelectorLink        ] - SelectorLink create com.parsingHTML.logic.selector.SelectorLink@2dda6444 
30.08.2016 23:33:58.839 [DEBUG][main  ][SelectorLink        ] - parsingButtonNames return [Информационных систем и защиты информации, Среднего профессионального образования №1, Среднего профессионального образования №2, Таможенного дела, Технологический, Товароведно-коммерческий, Учебно-методический центр повышения квалификации и переподготовки кадров, Экономики и менеджмента, Юридический, Второго высшего образования, Заочного обучения] 
30.08.2016 23:33:58.841 [DEBUG][main  ][SelectorLink        ] - goButton 1 move = 1 
30.08.2016 23:33:58.841 [DEBUG][main  ][SelectorLink        ] - moveButton1 Move Среднего профессионального образования №1 
30.08.2016 23:33:58.841 [DEBUG][main  ][SelectorLink        ] - return http://rasp.bukep.ru/Default.aspx?tr=s&f=10083 
30.08.2016 23:33:58.951 [DEBUG][main  ][SelectorLink        ] - parsingButtonNames return [Банковское дело, Гостиничный сервис, Коммерция (по отраслям), Операционная деятельность в логистике, Реклама, Туризм, Экономика и бухгалтерский учет (по отраслям)] 
30.08.2016 23:33:58.952 [DEBUG][main  ][SelectorLink        ] - goButton 1 move = 2 
30.08.2016 23:33:58.952 [DEBUG][main  ][SelectorLink        ] - moveButton2 Move Гостиничный сервис 
30.08.2016 23:33:58.954 [DEBUG][main  ][SelectorLink        ] - return http://rasp.bukep.ru/Default.aspx?tr=k&f=10083&s=%D0%93%D0%BE%D1%81%D1%82%D0%B8%D0%BD%D0%B8%D1%87%D0%BD%D1%8B%D0%B9+%D1%81%D0%B5%D1%80%D0%B2%D0%B8%D1%811 
30.08.2016 23:33:59.072 [DEBUG][main  ][SelectorLink        ] - parsingButtonNames return [2 курс] 
30.08.2016 23:33:59.073 [DEBUG][main  ][SelectorLink        ] - goButton 0 move = 3 
30.08.2016 23:33:59.073 [DEBUG][main  ][SelectorLink        ] - moveButton3 Move 2 курс 
30.08.2016 23:33:59.074 [DEBUG][main  ][SelectorLink        ] - return http://rasp.bukep.ru/Default.aspx?tr=g&f=10083&s=%D0%93%D0%BE%D1%81%D1%82%D0%B8%D0%BD%D0%B8%D1%87%D0%BD%D1%8B%D0%B9+%D1%81%D0%B5%D1%80%D0%B2%D0%B8%D1%811&k=2 
30.08.2016 23:33:59.731 [DEBUG][main  ][SelectorLink        ] - parsingButtonNames return [ГС-21 (9) (расписание на семестр)] 
30.08.2016 23:33:59.731 [DEBUG][main  ][SelectorLink        ] - goButton 0 move = 4 
30.08.2016 23:33:59.732 [DEBUG][main  ][SelectorLink        ] - moveButton3 Move ГС-21 (9) (расписание на семестр) 
30.08.2016 23:33:59.732 [DEBUG][main  ][SelectorLink        ] - return http://rasp.bukep.ru/Default.aspx?tr=gweek&f=10083&s=%D0%93%D0%BE%D1%81%D1%82%D0%B8%D0%BD%D0%B8%D1%87%D0%BD%D1%8B%D0%B9+%D1%81%D0%B5%D1%80%D0%B2%D0%B8%D1%811&k=2&g=3516 
30.08.2016 23:33:59.931 [DEBUG][main  ][SelectorLink        ] - parsingButtonNames return [] 
30.08.2016 23:39:41.757 [DEBUG][main  ][SelectorLink        ] - SelectorLink create com.parsingHTML.logic.selector.SelectorLink@2dda6444 
30.08.2016 23:39:42.218 [DEBUG][main  ][SelectorLink        ] - parsingButtonNames return [Информационных систем и защиты информации, Среднего профессионального образования №1, Среднего профессионального образования №2, Таможенного дела, Технологический, Товароведно-коммерческий, Учебно-методический центр повышения квалификации и переподготовки кадров, Экономики и менеджмента, Юридический, Второго высшего образования, Заочного обучения] 
30.08.2016 23:39:42.219 [DEBUG][main  ][SelectorLink        ] - goButton 1 move = 1 
30.08.2016 23:39:42.220 [DEBUG][main  ][SelectorLink        ] - moveButton1 Move Среднего профессионального образования №1 
30.08.2016 23:39:42.220 [DEBUG][main  ][SelectorLink        ] - return http://rasp.bukep.ru/Default.aspx?tr=s&f=10083 
30.08.2016 23:39:42.297 [DEBUG][main  ][SelectorLink        ] - parsingButtonNames return [Банковское дело, Гостиничный сервис, Коммерция (по отраслям), Операционная деятельность в логистике, Реклама, Туризм, Экономика и бухгалтерский учет (по отраслям)] 
30.08.2016 23:39:42.297 [DEBUG][main  ][SelectorLink        ] - goButton 1 move = 2 
30.08.2016 23:39:42.298 [DEBUG][main  ][SelectorLink        ] - moveButton2 Move Гостиничный сервис 
30.08.2016 23:39:42.299 [DEBUG][main  ][SelectorLink        ] - return http://rasp.bukep.ru/Default.aspx?tr=k&f=10083&s=%D0%93%D0%BE%D1%81%D1%82%D0%B8%D0%BD%D0%B8%D1%87%D0%BD%D1%8B%D0%B9+%D1%81%D0%B5%D1%80%D0%B2%D0%B8%D1%811 
30.08.2016 23:39:42.375 [DEBUG][main  ][SelectorLink        ] - parsingButtonNames return [2 курс] 
30.08.2016 23:39:42.383 [DEBUG][main  ][SelectorLink        ] - goButton 0 move = 3 
30.08.2016 23:39:42.384 [DEBUG][main  ][SelectorLink        ] - moveButton3 Move 2 курс 
30.08.2016 23:39:42.385 [DEBUG][main  ][SelectorLink        ] - return http://rasp.bukep.ru/Default.aspx?tr=g&f=10083&s=%D0%93%D0%BE%D1%81%D1%82%D0%B8%D0%BD%D0%B8%D1%87%D0%BD%D1%8B%D0%B9+%D1%81%D0%B5%D1%80%D0%B2%D0%B8%D1%811&k=2 
30.08.2016 23:39:42.863 [DEBUG][main  ][SelectorLink        ] - parsingButtonNames return [ГС-21 (9) (расписание на семестр)] 
30.08.2016 23:39:42.864 [DEBUG][main  ][SelectorLink        ] - goButton 0 move = 4 
30.08.2016 23:39:42.869 [DEBUG][main  ][SelectorLink        ] - moveButton3 Move ГС-21 (9) (расписание на семестр) 
30.08.2016 23:39:42.871 [DEBUG][main  ][SelectorLink        ] - return http://rasp.bukep.ru/Default.aspx?tr=gweek&f=10083&s=%D0%93%D0%BE%D1%81%D1%82%D0%B8%D0%BD%D0%B8%D1%87%D0%BD%D1%8B%D0%B9+%D1%81%D0%B5%D1%80%D0%B2%D0%B8%D1%811&k=2&g=3516 
30.08.2016 23:39:43.083 [DEBUG][main  ][SelectorLink        ] - parsingButtonNames return [] 
30.08.2016 23:43:59.281 [DEBUG][main  ][SelectorLink        ] - SelectorLink create com.parsingHTML.logic.selector.SelectorLink@2dda6444 
30.08.2016 23:43:59.762 [DEBUG][main  ][SelectorLink        ] - parsingButtonNames return [Информационных систем и защиты информации, Среднего профессионального образования №1, Среднего профессионального образования №2, Таможенного дела, Технологический, Товароведно-коммерческий, Учебно-методический центр повышения квалификации и переподготовки кадров, Экономики и менеджмента, Юридический, Второго высшего образования, Заочного обучения] 
30.08.2016 23:43:59.765 [DEBUG][main  ][SelectorLink        ] - goButton 1 move = 1 
30.08.2016 23:43:59.765 [DEBUG][main  ][SelectorLink        ] - moveButton1 Move Среднего профессионального образования №1 
30.08.2016 23:43:59.766 [DEBUG][main  ][SelectorLink        ] - return http://rasp.bukep.ru/Default.aspx?tr=s&f=10083 
30.08.2016 23:43:59.849 [DEBUG][main  ][SelectorLink        ] - parsingButtonNames return [Банковское дело, Гостиничный сервис, Коммерция (по отраслям), Операционная деятельность в логистике, Реклама, Туризм, Экономика и бухгалтерский учет (по отраслям)] 
30.08.2016 23:43:59.850 [DEBUG][main  ][SelectorLink        ] - goButton 1 move = 2 
30.08.2016 23:43:59.850 [DEBUG][main  ][SelectorLink        ] - moveButton2 Move Гостиничный сервис 
30.08.2016 23:43:59.852 [DEBUG][main  ][SelectorLink        ] - return http://rasp.bukep.ru/Default.aspx?tr=k&f=10083&s=%D0%93%D0%BE%D1%81%D1%82%D0%B8%D0%BD%D0%B8%D1%87%D0%BD%D1%8B%D0%B9+%D1%81%D0%B5%D1%80%D0%B2%D0%B8%D1%811 
30.08.2016 23:43:59.935 [DEBUG][main  ][SelectorLink        ] - parsingButtonNames return [2 курс] 
30.08.2016 23:43:59.936 [DEBUG][main  ][SelectorLink        ] - goButton 0 move = 3 
30.08.2016 23:43:59.936 [DEBUG][main  ][SelectorLink        ] - moveButton3 Move 2 курс 
30.08.2016 23:43:59.937 [DEBUG][main  ][SelectorLink        ] - return http://rasp.bukep.ru/Default.aspx?tr=g&f=10083&s=%D0%93%D0%BE%D1%81%D1%82%D0%B8%D0%BD%D0%B8%D1%87%D0%BD%D1%8B%D0%B9+%D1%81%D0%B5%D1%80%D0%B2%D0%B8%D1%811&k=2 
30.08.2016 23:44:00.470 [DEBUG][main  ][SelectorLink        ] - parsingButtonNames return [ГС-21 (9) (расписание на семестр)] 
30.08.2016 23:44:00.470 [DEBUG][main  ][SelectorLink        ] - goButton 0 move = 4 
30.08.2016 23:44:00.471 [DEBUG][main  ][SelectorLink        ] - moveButton3 Move ГС-21 (9) (расписание на семестр) 
30.08.2016 23:44:00.471 [DEBUG][main  ][SelectorLink        ] - return http://rasp.bukep.ru/Default.aspx?tr=gweek&f=10083&s=%D0%93%D0%BE%D1%81%D1%82%D0%B8%D0%BD%D0%B8%D1%87%D0%BD%D1%8B%D0%B9+%D1%81%D0%B5%D1%80%D0%B2%D0%B8%D1%811&k=2&g=3516 
30.08.2016 23:44:00.653 [DEBUG][main  ][SelectorLink        ] - parsingButtonNames return [] 
30.08.2016 23:45:07.613 [DEBUG][main  ][SelectorLink        ] - SelectorLink create com.parsingHTML.logic.selector.SelectorLink@4cf777e8 
30.08.2016 23:45:08.540 [DEBUG][main  ][SelectorLink        ] - parsingButtonNames return [Информационных систем и защиты информации, Среднего профессионального образования №1, Среднего профессионального образования №2, Таможенного дела, Технологический, Товароведно-коммерческий, Учебно-методический центр повышения квалификации и переподготовки кадров, Экономики и менеджмента, Юридический, Второго высшего образования, Заочного обучения] 
30.08.2016 23:45:08.541 [DEBUG][main  ][SelectorLink        ] - goButton 1 move = 1 
30.08.2016 23:45:08.542 [DEBUG][main  ][SelectorLink        ] - moveButton1 Move Среднего профессионального образования №1 
30.08.2016 23:45:08.542 [DEBUG][main  ][SelectorLink        ] - return http://rasp.bukep.ru/Default.aspx?tr=s&f=10083 
30.08.2016 23:45:08.656 [DEBUG][main  ][SelectorLink        ] - parsingButtonNames return [Банковское дело, Гостиничный сервис, Коммерция (по отраслям), Операционная деятельность в логистике, Реклама, Туризм, Экономика и бухгалтерский учет (по отраслям)] 
30.08.2016 23:45:08.657 [DEBUG][main  ][SelectorLink        ] - goButton 1 move = 2 
30.08.2016 23:45:08.657 [DEBUG][main  ][SelectorLink        ] - moveButton2 Move Гостиничный сервис 
30.08.2016 23:45:08.658 [DEBUG][main  ][SelectorLink        ] - return http://rasp.bukep.ru/Default.aspx?tr=k&f=10083&s=%D0%93%D0%BE%D1%81%D1%82%D0%B8%D0%BD%D0%B8%D1%87%D0%BD%D1%8B%D0%B9+%D1%81%D0%B5%D1%80%D0%B2%D0%B8%D1%811 
30.08.2016 23:45:08.740 [DEBUG][main  ][SelectorLink        ] - parsingButtonNames return [2 курс] 
30.08.2016 23:45:08.741 [DEBUG][main  ][SelectorLink        ] - goButton 0 move = 3 
30.08.2016 23:45:08.741 [DEBUG][main  ][SelectorLink        ] - moveButton3 Move 2 курс 
30.08.2016 23:45:08.742 [DEBUG][main  ][SelectorLink        ] - return http://rasp.bukep.ru/Default.aspx?tr=g&f=10083&s=%D0%93%D0%BE%D1%81%D1%82%D0%B8%D0%BD%D0%B8%D1%87%D0%BD%D1%8B%D0%B9+%D1%81%D0%B5%D1%80%D0%B2%D0%B8%D1%811&k=2 
30.08.2016 23:45:09.180 [DEBUG][main  ][SelectorLink        ] - parsingButtonNames return [ГС-21 (9) (расписание на семестр)] 
30.08.2016 23:45:09.181 [DEBUG][main  ][SelectorLink        ] - goButton 0 move = 4 
30.08.2016 23:45:09.181 [DEBUG][main  ][SelectorLink        ] - moveButton3 Move ГС-21 (9) (расписание на семестр) 
30.08.2016 23:45:09.181 [DEBUG][main  ][SelectorLink        ] - return http://rasp.bukep.ru/Default.aspx?tr=gweek&f=10083&s=%D0%93%D0%BE%D1%81%D1%82%D0%B8%D0%BD%D0%B8%D1%87%D0%BD%D1%8B%D0%B9+%D1%81%D0%B5%D1%80%D0%B2%D0%B8%D1%811&k=2&g=3516 
30.08.2016 23:45:09.395 [DEBUG][main  ][SelectorLink        ] - parsingButtonNames return [] 
