30.08.2016 23:17:09.744 [DEBUG][main  ][ParserWeekTime      ] - ==== Parsing Element = #document ==== 
30.08.2016 23:17:09.766 [DEBUG][main  ][ParserWeekTime      ] - parseDayTime 
30.08.2016 23:17:09.768 [INFO ][main  ][ParserDayTime       ] - ==== Parsing Element = table ==== 
30.08.2016 23:17:09.774 [DEBUG][main  ][ParserDayTime       ] - addLessonTime dayTime =  cssQuery =  td.n_para + td.time 
30.08.2016 23:17:09.777 [DEBUG][main  ][ParserLessonTime    ] - ==== Parsing Element = td ==== 
30.08.2016 23:17:09.778 [DEBUG][main  ][ParserLessonTime    ] - executeSelect elementsTime return <td class="time">08:30Ц09:15<br>09:20Ц10:05<td class="n_para">1 пара</td></td> 
30.08.2016 23:17:09.781 [DEBUG][main  ][ParserLessonTime    ] - ====== return <lesson_time number="1" start1="08:30" end1="09:15" start2="09:20" end2="10:05"></lesson_time> 
30.08.2016 23:17:09.781 [DEBUG][main  ][ParserDayTime       ] - add <lesson_time number="1" start1="08:30" end1="09:15" start2="09:20" end2="10:05"></lesson_time>com.parsingHTML.logic.parser.daytime.ParserDayTime@5f5a92bb 
30.08.2016 23:17:09.781 [DEBUG][main  ][ParserLessonTime    ] - ==== Parsing Element = td ==== 
30.08.2016 23:17:09.782 [DEBUG][main  ][ParserLessonTime    ] - executeSelect elementsTime return <td class="time">10:15Ц11:00<br>11:05Ц11:50<td class="n_para">2 пара</td></td> 
30.08.2016 23:17:09.790 [DEBUG][main  ][ParserLessonTime    ] - ====== return <lesson_time number="2" start1="10:15" end1="11:00" start2="11:05" end2="11:50"></lesson_time> 
30.08.2016 23:17:09.792 [DEBUG][main  ][ParserDayTime       ] - add <lesson_time number="2" start1="10:15" end1="11:00" start2="11:05" end2="11:50"></lesson_time>com.parsingHTML.logic.parser.daytime.ParserDayTime@5f5a92bb 
30.08.2016 23:17:09.792 [DEBUG][main  ][ParserLessonTime    ] - ==== Parsing Element = td ==== 
30.08.2016 23:17:09.793 [DEBUG][main  ][ParserLessonTime    ] - executeSelect elementsTime return <td class="time">12:25Ц13:10<br>13:15Ц14:00<td class="n_para">3 пара</td></td> 
30.08.2016 23:17:09.795 [DEBUG][main  ][ParserLessonTime    ] - ====== return <lesson_time number="3" start1="12:25" end1="13:10" start2="13:15" end2="14:00"></lesson_time> 
30.08.2016 23:17:09.795 [DEBUG][main  ][ParserDayTime       ] - add <lesson_time number="3" start1="12:25" end1="13:10" start2="13:15" end2="14:00"></lesson_time>com.parsingHTML.logic.parser.daytime.ParserDayTime@5f5a92bb 
30.08.2016 23:17:09.795 [DEBUG][main  ][ParserLessonTime    ] - ==== Parsing Element = td ==== 
30.08.2016 23:17:09.796 [DEBUG][main  ][ParserLessonTime    ] - executeSelect elementsTime return <td class="time">14:35Ц15:20<br>15:25Ц16:10<td class="n_para">4 пара</td></td> 
30.08.2016 23:17:09.803 [DEBUG][main  ][ParserLessonTime    ] - ====== return <lesson_time number="4" start1="14:35" end1="15:20" start2="15:25" end2="16:10"></lesson_time> 
30.08.2016 23:17:09.803 [DEBUG][main  ][ParserDayTime       ] - add <lesson_time number="4" start1="14:35" end1="15:20" start2="15:25" end2="16:10"></lesson_time>com.parsingHTML.logic.parser.daytime.ParserDayTime@5f5a92bb 
30.08.2016 23:17:09.803 [DEBUG][main  ][ParserLessonTime    ] - ==== Parsing Element = td ==== 
30.08.2016 23:17:09.804 [DEBUG][main  ][ParserLessonTime    ] - executeSelect elementsTime return <td class="time">16:20Ц17:05<br>17:10Ц17:55<td class="n_para">5 пара</td></td> 
30.08.2016 23:17:09.806 [DEBUG][main  ][ParserLessonTime    ] - ====== return <lesson_time number="5" start1="16:20" end1="17:05" start2="17:10" end2="17:55"></lesson_time> 
30.08.2016 23:17:09.806 [DEBUG][main  ][ParserDayTime       ] - add <lesson_time number="5" start1="16:20" end1="17:05" start2="17:10" end2="17:55"></lesson_time>com.parsingHTML.logic.parser.daytime.ParserDayTime@5f5a92bb 
30.08.2016 23:17:09.806 [DEBUG][main  ][ParserLessonTime    ] - ==== Parsing Element = td ==== 
30.08.2016 23:17:09.807 [DEBUG][main  ][ParserLessonTime    ] - executeSelect elementsTime return <td class="time">18:05Ц18:50<br>18:55Ц19:40<td class="n_para">6 пара</td></td> 
30.08.2016 23:17:09.809 [DEBUG][main  ][ParserLessonTime    ] - ====== return <lesson_time number="6" start1="18:05" end1="18:50" start2="18:55" end2="19:40"></lesson_time> 
30.08.2016 23:17:09.809 [DEBUG][main  ][ParserDayTime       ] - add <lesson_time number="6" start1="18:05" end1="18:50" start2="18:55" end2="19:40"></lesson_time>com.parsingHTML.logic.parser.daytime.ParserDayTime@5f5a92bb 
30.08.2016 23:17:09.809 [DEBUG][main  ][ParserLessonTime    ] - ==== Parsing Element = td ==== 
30.08.2016 23:17:09.810 [DEBUG][main  ][ParserLessonTime    ] - executeSelect elementsTime return <td class="time">19:50Ц20:35<br>20:40Ц21:25<td class="n_para">7 пара</td></td> 
30.08.2016 23:17:09.812 [DEBUG][main  ][ParserLessonTime    ] - ====== return <lesson_time number="7" start1="19:50" end1="20:35" start2="20:40" end2="21:25"></lesson_time> 
30.08.2016 23:17:09.812 [DEBUG][main  ][ParserDayTime       ] - add <lesson_time number="7" start1="19:50" end1="20:35" start2="20:40" end2="21:25"></lesson_time>com.parsingHTML.logic.parser.daytime.ParserDayTime@5f5a92bb 
30.08.2016 23:17:09.819 [DEBUG][main  ][ParserDayTime       ] - addLessonTime dayTime =  cssQuery =  td.time ~ td 
30.08.2016 23:17:09.820 [DEBUG][main  ][ParserLessonTime    ] - ==== Parsing Element = td ==== 
30.08.2016 23:17:09.821 [DEBUG][main  ][ParserLessonTime    ] - executeSelect elementsTime return <td class="time">08:30Ц09:15<br>09:20Ц10:05<td class="n_para">1 пара</td></td> 
30.08.2016 23:17:09.822 [DEBUG][main  ][ParserLessonTime    ] - ====== return <lesson_time number="1" start1="08:30" end1="09:15" start2="09:20" end2="10:05"></lesson_time> 
30.08.2016 23:17:09.822 [DEBUG][main  ][ParserDayTime       ] - add <lesson_time number="1" start1="08:30" end1="09:15" start2="09:20" end2="10:05"></lesson_time>com.parsingHTML.logic.parser.daytime.ParserDayTime@5f5a92bb 
30.08.2016 23:17:09.823 [DEBUG][main  ][ParserLessonTime    ] - ==== Parsing Element = td ==== 
30.08.2016 23:17:09.823 [DEBUG][main  ][ParserLessonTime    ] - executeSelect elementsTime return <td class="time">10:15Ц11:00<br>11:05Ц11:50<td class="n_para">2 пара</td></td> 
30.08.2016 23:17:09.824 [DEBUG][main  ][ParserLessonTime    ] - ====== return <lesson_time number="2" start1="10:15" end1="11:00" start2="11:05" end2="11:50"></lesson_time> 
30.08.2016 23:17:09.824 [DEBUG][main  ][ParserDayTime       ] - add <lesson_time number="2" start1="10:15" end1="11:00" start2="11:05" end2="11:50"></lesson_time>com.parsingHTML.logic.parser.daytime.ParserDayTime@5f5a92bb 
30.08.2016 23:17:09.824 [DEBUG][main  ][ParserLessonTime    ] - ==== Parsing Element = td ==== 
30.08.2016 23:17:09.825 [DEBUG][main  ][ParserLessonTime    ] - executeSelect elementsTime return <td class="time">12:00Ц12:45<br>12:50Ц13:35<td class="n_para">3 пара</td></td> 
30.08.2016 23:17:09.827 [DEBUG][main  ][ParserLessonTime    ] - ====== return <lesson_time number="3" start1="12:00" end1="12:45" start2="12:50" end2="13:35"></lesson_time> 
30.08.2016 23:17:09.827 [DEBUG][main  ][ParserDayTime       ] - add <lesson_time number="3" start1="12:00" end1="12:45" start2="12:50" end2="13:35"></lesson_time>com.parsingHTML.logic.parser.daytime.ParserDayTime@5f5a92bb 
30.08.2016 23:17:09.827 [DEBUG][main  ][ParserLessonTime    ] - ==== Parsing Element = td ==== 
30.08.2016 23:17:09.828 [DEBUG][main  ][ParserLessonTime    ] - executeSelect elementsTime return <td class="time">14:10Ц14:55<br>15:00Ц15:45<td class="n_para">4 пара</td></td> 
30.08.2016 23:17:09.829 [DEBUG][main  ][ParserLessonTime    ] - ====== return <lesson_time number="4" start1="14:10" end1="14:55" start2="15:00" end2="15:45"></lesson_time> 
30.08.2016 23:17:09.830 [DEBUG][main  ][ParserDayTime       ] - add <lesson_time number="4" start1="14:10" end1="14:55" start2="15:00" end2="15:45"></lesson_time>com.parsingHTML.logic.parser.daytime.ParserDayTime@5f5a92bb 
30.08.2016 23:17:09.830 [DEBUG][main  ][ParserLessonTime    ] - ==== Parsing Element = td ==== 
30.08.2016 23:17:09.830 [DEBUG][main  ][ParserLessonTime    ] - executeSelect elementsTime return <td class="time">15:55Ц16:40<br>16:45Ц17:30<td class="n_para">5 пара</td></td> 
30.08.2016 23:17:09.833 [DEBUG][main  ][ParserLessonTime    ] - ====== return <lesson_time number="5" start1="15:55" end1="16:40" start2="16:45" end2="17:30"></lesson_time> 
30.08.2016 23:17:09.833 [DEBUG][main  ][ParserDayTime       ] - add <lesson_time number="5" start1="15:55" end1="16:40" start2="16:45" end2="17:30"></lesson_time>com.parsingHTML.logic.parser.daytime.ParserDayTime@5f5a92bb 
30.08.2016 23:17:09.833 [DEBUG][main  ][ParserLessonTime    ] - ==== Parsing Element = td ==== 
30.08.2016 23:17:09.834 [DEBUG][main  ][ParserLessonTime    ] - executeSelect elementsTime return <td class="time">17:40Ц18:25<br>18:30Ц19:15<td class="n_para">6 пара</td></td> 
30.08.2016 23:17:09.836 [DEBUG][main  ][ParserLessonTime    ] - ====== return <lesson_time number="6" start1="17:40" end1="18:25" start2="18:30" end2="19:15"></lesson_time> 
30.08.2016 23:17:09.836 [DEBUG][main  ][ParserDayTime       ] - add <lesson_time number="6" start1="17:40" end1="18:25" start2="18:30" end2="19:15"></lesson_time>com.parsingHTML.logic.parser.daytime.ParserDayTime@5f5a92bb 
30.08.2016 23:17:09.836 [DEBUG][main  ][ParserLessonTime    ] - ==== Parsing Element = td ==== 
30.08.2016 23:17:09.837 [DEBUG][main  ][ParserLessonTime    ] - executeSelect elementsTime return <td class="time">19:25Ц20:10<br>20:15Ц21:00<td class="n_para">7 пара</td></td> 
30.08.2016 23:17:09.839 [DEBUG][main  ][ParserLessonTime    ] - ====== return <lesson_time number="7" start1="19:25" end1="20:10" start2="20:15" end2="21:00"></lesson_time> 
30.08.2016 23:17:09.839 [DEBUG][main  ][ParserDayTime       ] - add <lesson_time number="7" start1="19:25" end1="20:10" start2="20:15" end2="21:00"></lesson_time>com.parsingHTML.logic.parser.daytime.ParserDayTime@5f5a92bb 
30.08.2016 23:17:09.840 [DEBUG][main  ][ParserDayTime       ] - ====== return <week_time numerator="false">
 <day_time name="ѕонедельник">
  <lesson_time number="1" start1="08:30" end1="09:15" start2="09:20" end2="10:05"></lesson_time>
  <lesson_time number="2" start1="10:15" end1="11:00" start2="11:05" end2="11:50"></lesson_time>
  <lesson_time number="3" start1="12:25" end1="13:10" start2="13:15" end2="14:00"></lesson_time>
  <lesson_time number="4" start1="14:35" end1="15:20" start2="15:25" end2="16:10"></lesson_time>
  <lesson_time number="5" start1="16:20" end1="17:05" start2="17:10" end2="17:55"></lesson_time>
  <lesson_time number="6" start1="18:05" end1="18:50" start2="18:55" end2="19:40"></lesson_time>
  <lesson_time number="7" start1="19:50" end1="20:35" start2="20:40" end2="21:25"></lesson_time>
 </day_time>
 <day_time name="¬торник" override="1"></day_time>
 <day_time name="—реда" override="1"></day_time>
 <day_time name="„етверг" override="1"></day_time>
 <day_time name="ѕ€тница" override="1"></day_time>
 <day_time name="—уббота">
  <lesson_time number="1" start1="08:30" end1="09:15" start2="09:20" end2="10:05"></lesson_time>
  <lesson_time number="2" start1="10:15" end1="11:00" start2="11:05" end2="11:50"></lesson_time>
  <lesson_time number="3" start1="12:00" end1="12:45" start2="12:50" end2="13:35"></lesson_time>
  <lesson_time number="4" start1="14:10" end1="14:55" start2="15:00" end2="15:45"></lesson_time>
  <lesson_time number="5" start1="15:55" end1="16:40" start2="16:45" end2="17:30"></lesson_time>
  <lesson_time number="6" start1="17:40" end1="18:25" start2="18:30" end2="19:15"></lesson_time>
  <lesson_time number="7" start1="19:25" end1="20:10" start2="20:15" end2="21:00"></lesson_time>
 </day_time>
</week_time> 
30.08.2016 23:17:09.841 [DEBUG][main  ][ParserWeekTime      ] - ====== return <week_time numerator="false">
 <day_time name="ѕонедельник">
  <lesson_time number="1" start1="08:30" end1="09:15" start2="09:20" end2="10:05"></lesson_time>
  <lesson_time number="2" start1="10:15" end1="11:00" start2="11:05" end2="11:50"></lesson_time>
  <lesson_time number="3" start1="12:25" end1="13:10" start2="13:15" end2="14:00"></lesson_time>
  <lesson_time number="4" start1="14:35" end1="15:20" start2="15:25" end2="16:10"></lesson_time>
  <lesson_time number="5" start1="16:20" end1="17:05" start2="17:10" end2="17:55"></lesson_time>
  <lesson_time number="6" start1="18:05" end1="18:50" start2="18:55" end2="19:40"></lesson_time>
  <lesson_time number="7" start1="19:50" end1="20:35" start2="20:40" end2="21:25"></lesson_time>
 </day_time>
 <day_time name="¬торник" override="1"></day_time>
 <day_time name="—реда" override="1"></day_time>
 <day_time name="„етверг" override="1"></day_time>
 <day_time name="ѕ€тница" override="1"></day_time>
 <day_time name="—уббота">
  <lesson_time number="1" start1="08:30" end1="09:15" start2="09:20" end2="10:05"></lesson_time>
  <lesson_time number="2" start1="10:15" end1="11:00" start2="11:05" end2="11:50"></lesson_time>
  <lesson_time number="3" start1="12:00" end1="12:45" start2="12:50" end2="13:35"></lesson_time>
  <lesson_time number="4" start1="14:10" end1="14:55" start2="15:00" end2="15:45"></lesson_time>
  <lesson_time number="5" start1="15:55" end1="16:40" start2="16:45" end2="17:30"></lesson_time>
  <lesson_time number="6" start1="17:40" end1="18:25" start2="18:30" end2="19:15"></lesson_time>
  <lesson_time number="7" start1="19:25" end1="20:10" start2="20:15" end2="21:00"></lesson_time>
 </day_time>
</week_time> 
30.08.2016 23:17:09.849 [DEBUG][main  ][ParserGroupLesson   ] - ==== Parsing Element = #document ==== 
30.08.2016 23:17:09.854 [DEBUG][main  ][ParserHTMLAbstract  ] - parsingElements return  
30.08.2016 23:17:09.854 [DEBUG][main  ][ParserGroupLesson   ] - ====== return <group_lesson></group_lesson> 
30.08.2016 23:22:35.539 [DEBUG][main  ][ParserWeekTime      ] - ==== Parsing Element = #document ==== 
30.08.2016 23:22:35.553 [DEBUG][main  ][ParserWeekTime      ] - parseDayTime 
30.08.2016 23:22:35.554 [INFO ][main  ][ParserDayTime       ] - ==== Parsing Element = table ==== 
30.08.2016 23:22:35.568 [DEBUG][main  ][ParserDayTime       ] - addLessonTime dayTime =  cssQuery =  td.n_para + td.time 
30.08.2016 23:22:35.572 [DEBUG][main  ][ParserLessonTime    ] - ==== Parsing Element = td ==== 
30.08.2016 23:22:35.574 [DEBUG][main  ][ParserLessonTime    ] - executeSelect elementsTime return <td class="time">08:30Ц09:15<br>09:20Ц10:05<td class="n_para">1 пара</td></td> 
30.08.2016 23:22:35.577 [DEBUG][main  ][ParserLessonTime    ] - ====== return <lesson_time number="1" start1="08:30" end1="09:15" start2="09:20" end2="10:05"></lesson_time> 
30.08.2016 23:22:35.577 [DEBUG][main  ][ParserDayTime       ] - add <lesson_time number="1" start1="08:30" end1="09:15" start2="09:20" end2="10:05"></lesson_time>com.parsingHTML.logic.parser.daytime.ParserDayTime@4206a205 
30.08.2016 23:22:35.577 [DEBUG][main  ][ParserLessonTime    ] - ==== Parsing Element = td ==== 
30.08.2016 23:22:35.578 [DEBUG][main  ][ParserLessonTime    ] - executeSelect elementsTime return <td class="time">10:15Ц11:00<br>11:05Ц11:50<td class="n_para">2 пара</td></td> 
30.08.2016 23:22:35.586 [DEBUG][main  ][ParserLessonTime    ] - ====== return <lesson_time number="2" start1="10:15" end1="11:00" start2="11:05" end2="11:50"></lesson_time> 
30.08.2016 23:22:35.587 [DEBUG][main  ][ParserDayTime       ] - add <lesson_time number="2" start1="10:15" end1="11:00" start2="11:05" end2="11:50"></lesson_time>com.parsingHTML.logic.parser.daytime.ParserDayTime@4206a205 
30.08.2016 23:22:35.587 [DEBUG][main  ][ParserLessonTime    ] - ==== Parsing Element = td ==== 
30.08.2016 23:22:35.588 [DEBUG][main  ][ParserLessonTime    ] - executeSelect elementsTime return <td class="time">12:25Ц13:10<br>13:15Ц14:00<td class="n_para">3 пара</td></td> 
30.08.2016 23:22:35.591 [DEBUG][main  ][ParserLessonTime    ] - ====== return <lesson_time number="3" start1="12:25" end1="13:10" start2="13:15" end2="14:00"></lesson_time> 
30.08.2016 23:22:35.591 [DEBUG][main  ][ParserDayTime       ] - add <lesson_time number="3" start1="12:25" end1="13:10" start2="13:15" end2="14:00"></lesson_time>com.parsingHTML.logic.parser.daytime.ParserDayTime@4206a205 
30.08.2016 23:22:35.592 [DEBUG][main  ][ParserLessonTime    ] - ==== Parsing Element = td ==== 
30.08.2016 23:22:35.592 [DEBUG][main  ][ParserLessonTime    ] - executeSelect elementsTime return <td class="time">14:35Ц15:20<br>15:25Ц16:10<td class="n_para">4 пара</td></td> 
30.08.2016 23:22:35.595 [DEBUG][main  ][ParserLessonTime    ] - ====== return <lesson_time number="4" start1="14:35" end1="15:20" start2="15:25" end2="16:10"></lesson_time> 
30.08.2016 23:22:35.596 [DEBUG][main  ][ParserDayTime       ] - add <lesson_time number="4" start1="14:35" end1="15:20" start2="15:25" end2="16:10"></lesson_time>com.parsingHTML.logic.parser.daytime.ParserDayTime@4206a205 
30.08.2016 23:22:35.599 [DEBUG][main  ][ParserLessonTime    ] - ==== Parsing Element = td ==== 
30.08.2016 23:22:35.601 [DEBUG][main  ][ParserLessonTime    ] - executeSelect elementsTime return <td class="time">16:20Ц17:05<br>17:10Ц17:55<td class="n_para">5 пара</td></td> 
30.08.2016 23:22:35.603 [DEBUG][main  ][ParserLessonTime    ] - ====== return <lesson_time number="5" start1="16:20" end1="17:05" start2="17:10" end2="17:55"></lesson_time> 
30.08.2016 23:22:35.603 [DEBUG][main  ][ParserDayTime       ] - add <lesson_time number="5" start1="16:20" end1="17:05" start2="17:10" end2="17:55"></lesson_time>com.parsingHTML.logic.parser.daytime.ParserDayTime@4206a205 
30.08.2016 23:22:35.604 [DEBUG][main  ][ParserLessonTime    ] - ==== Parsing Element = td ==== 
30.08.2016 23:22:35.604 [DEBUG][main  ][ParserLessonTime    ] - executeSelect elementsTime return <td class="time">18:05Ц18:50<br>18:55Ц19:40<td class="n_para">6 пара</td></td> 
30.08.2016 23:22:35.606 [DEBUG][main  ][ParserLessonTime    ] - ====== return <lesson_time number="6" start1="18:05" end1="18:50" start2="18:55" end2="19:40"></lesson_time> 
30.08.2016 23:22:35.606 [DEBUG][main  ][ParserDayTime       ] - add <lesson_time number="6" start1="18:05" end1="18:50" start2="18:55" end2="19:40"></lesson_time>com.parsingHTML.logic.parser.daytime.ParserDayTime@4206a205 
30.08.2016 23:22:35.607 [DEBUG][main  ][ParserLessonTime    ] - ==== Parsing Element = td ==== 
30.08.2016 23:22:35.608 [DEBUG][main  ][ParserLessonTime    ] - executeSelect elementsTime return <td class="time">19:50Ц20:35<br>20:40Ц21:25<td class="n_para">7 пара</td></td> 
30.08.2016 23:22:35.611 [DEBUG][main  ][ParserLessonTime    ] - ====== return <lesson_time number="7" start1="19:50" end1="20:35" start2="20:40" end2="21:25"></lesson_time> 
30.08.2016 23:22:35.612 [DEBUG][main  ][ParserDayTime       ] - add <lesson_time number="7" start1="19:50" end1="20:35" start2="20:40" end2="21:25"></lesson_time>com.parsingHTML.logic.parser.daytime.ParserDayTime@4206a205 
30.08.2016 23:22:35.618 [DEBUG][main  ][ParserDayTime       ] - addLessonTime dayTime =  cssQuery =  td.time ~ td 
30.08.2016 23:22:35.621 [DEBUG][main  ][ParserLessonTime    ] - ==== Parsing Element = td ==== 
30.08.2016 23:22:35.622 [DEBUG][main  ][ParserLessonTime    ] - executeSelect elementsTime return <td class="time">08:30Ц09:15<br>09:20Ц10:05<td class="n_para">1 пара</td></td> 
30.08.2016 23:22:35.624 [DEBUG][main  ][ParserLessonTime    ] - ====== return <lesson_time number="1" start1="08:30" end1="09:15" start2="09:20" end2="10:05"></lesson_time> 
30.08.2016 23:22:35.624 [DEBUG][main  ][ParserDayTime       ] - add <lesson_time number="1" start1="08:30" end1="09:15" start2="09:20" end2="10:05"></lesson_time>com.parsingHTML.logic.parser.daytime.ParserDayTime@4206a205 
30.08.2016 23:22:35.625 [DEBUG][main  ][ParserLessonTime    ] - ==== Parsing Element = td ==== 
30.08.2016 23:22:35.626 [DEBUG][main  ][ParserLessonTime    ] - executeSelect elementsTime return <td class="time">10:15Ц11:00<br>11:05Ц11:50<td class="n_para">2 пара</td></td> 
30.08.2016 23:22:35.627 [DEBUG][main  ][ParserLessonTime    ] - ====== return <lesson_time number="2" start1="10:15" end1="11:00" start2="11:05" end2="11:50"></lesson_time> 
30.08.2016 23:22:35.627 [DEBUG][main  ][ParserDayTime       ] - add <lesson_time number="2" start1="10:15" end1="11:00" start2="11:05" end2="11:50"></lesson_time>com.parsingHTML.logic.parser.daytime.ParserDayTime@4206a205 
30.08.2016 23:22:35.628 [DEBUG][main  ][ParserLessonTime    ] - ==== Parsing Element = td ==== 
30.08.2016 23:22:35.628 [DEBUG][main  ][ParserLessonTime    ] - executeSelect elementsTime return <td class="time">12:00Ц12:45<br>12:50Ц13:35<td class="n_para">3 пара</td></td> 
30.08.2016 23:22:35.631 [DEBUG][main  ][ParserLessonTime    ] - ====== return <lesson_time number="3" start1="12:00" end1="12:45" start2="12:50" end2="13:35"></lesson_time> 
30.08.2016 23:22:35.631 [DEBUG][main  ][ParserDayTime       ] - add <lesson_time number="3" start1="12:00" end1="12:45" start2="12:50" end2="13:35"></lesson_time>com.parsingHTML.logic.parser.daytime.ParserDayTime@4206a205 
30.08.2016 23:22:35.631 [DEBUG][main  ][ParserLessonTime    ] - ==== Parsing Element = td ==== 
30.08.2016 23:22:35.632 [DEBUG][main  ][ParserLessonTime    ] - executeSelect elementsTime return <td class="time">14:10Ц14:55<br>15:00Ц15:45<td class="n_para">4 пара</td></td> 
30.08.2016 23:22:35.634 [DEBUG][main  ][ParserLessonTime    ] - ====== return <lesson_time number="4" start1="14:10" end1="14:55" start2="15:00" end2="15:45"></lesson_time> 
30.08.2016 23:22:35.634 [DEBUG][main  ][ParserDayTime       ] - add <lesson_time number="4" start1="14:10" end1="14:55" start2="15:00" end2="15:45"></lesson_time>com.parsingHTML.logic.parser.daytime.ParserDayTime@4206a205 
30.08.2016 23:22:35.634 [DEBUG][main  ][ParserLessonTime    ] - ==== Parsing Element = td ==== 
30.08.2016 23:22:35.635 [DEBUG][main  ][ParserLessonTime    ] - executeSelect elementsTime return <td class="time">15:55Ц16:40<br>16:45Ц17:30<td class="n_para">5 пара</td></td> 
30.08.2016 23:22:35.637 [DEBUG][main  ][ParserLessonTime    ] - ====== return <lesson_time number="5" start1="15:55" end1="16:40" start2="16:45" end2="17:30"></lesson_time> 
30.08.2016 23:22:35.637 [DEBUG][main  ][ParserDayTime       ] - add <lesson_time number="5" start1="15:55" end1="16:40" start2="16:45" end2="17:30"></lesson_time>com.parsingHTML.logic.parser.daytime.ParserDayTime@4206a205 
30.08.2016 23:22:35.638 [DEBUG][main  ][ParserLessonTime    ] - ==== Parsing Element = td ==== 
30.08.2016 23:22:35.638 [DEBUG][main  ][ParserLessonTime    ] - executeSelect elementsTime return <td class="time">17:40Ц18:25<br>18:30Ц19:15<td class="n_para">6 пара</td></td> 
30.08.2016 23:22:35.640 [DEBUG][main  ][ParserLessonTime    ] - ====== return <lesson_time number="6" start1="17:40" end1="18:25" start2="18:30" end2="19:15"></lesson_time> 
30.08.2016 23:22:35.641 [DEBUG][main  ][ParserDayTime       ] - add <lesson_time number="6" start1="17:40" end1="18:25" start2="18:30" end2="19:15"></lesson_time>com.parsingHTML.logic.parser.daytime.ParserDayTime@4206a205 
30.08.2016 23:22:35.641 [DEBUG][main  ][ParserLessonTime    ] - ==== Parsing Element = td ==== 
30.08.2016 23:22:35.642 [DEBUG][main  ][ParserLessonTime    ] - executeSelect elementsTime return <td class="time">19:25Ц20:10<br>20:15Ц21:00<td class="n_para">7 пара</td></td> 
30.08.2016 23:22:35.644 [DEBUG][main  ][ParserLessonTime    ] - ====== return <lesson_time number="7" start1="19:25" end1="20:10" start2="20:15" end2="21:00"></lesson_time> 
30.08.2016 23:22:35.644 [DEBUG][main  ][ParserDayTime       ] - add <lesson_time number="7" start1="19:25" end1="20:10" start2="20:15" end2="21:00"></lesson_time>com.parsingHTML.logic.parser.daytime.ParserDayTime@4206a205 
30.08.2016 23:22:35.645 [DEBUG][main  ][ParserDayTime       ] - ====== return <week_time numerator="false">
 <day_time name="ѕонедельник">
  <lesson_time number="1" start1="08:30" end1="09:15" start2="09:20" end2="10:05"></lesson_time>
  <lesson_time number="2" start1="10:15" end1="11:00" start2="11:05" end2="11:50"></lesson_time>
  <lesson_time number="3" start1="12:25" end1="13:10" start2="13:15" end2="14:00"></lesson_time>
  <lesson_time number="4" start1="14:35" end1="15:20" start2="15:25" end2="16:10"></lesson_time>
  <lesson_time number="5" start1="16:20" end1="17:05" start2="17:10" end2="17:55"></lesson_time>
  <lesson_time number="6" start1="18:05" end1="18:50" start2="18:55" end2="19:40"></lesson_time>
  <lesson_time number="7" start1="19:50" end1="20:35" start2="20:40" end2="21:25"></lesson_time>
 </day_time>
 <day_time name="¬торник" override="1"></day_time>
 <day_time name="—реда" override="1"></day_time>
 <day_time name="„етверг" override="1"></day_time>
 <day_time name="ѕ€тница" override="1"></day_time>
 <day_time name="—уббота">
  <lesson_time number="1" start1="08:30" end1="09:15" start2="09:20" end2="10:05"></lesson_time>
  <lesson_time number="2" start1="10:15" end1="11:00" start2="11:05" end2="11:50"></lesson_time>
  <lesson_time number="3" start1="12:00" end1="12:45" start2="12:50" end2="13:35"></lesson_time>
  <lesson_time number="4" start1="14:10" end1="14:55" start2="15:00" end2="15:45"></lesson_time>
  <lesson_time number="5" start1="15:55" end1="16:40" start2="16:45" end2="17:30"></lesson_time>
  <lesson_time number="6" start1="17:40" end1="18:25" start2="18:30" end2="19:15"></lesson_time>
  <lesson_time number="7" start1="19:25" end1="20:10" start2="20:15" end2="21:00"></lesson_time>
 </day_time>
</week_time> 
30.08.2016 23:22:35.647 [DEBUG][main  ][ParserWeekTime      ] - ====== return <week_time numerator="false">
 <day_time name="ѕонедельник">
  <lesson_time number="1" start1="08:30" end1="09:15" start2="09:20" end2="10:05"></lesson_time>
  <lesson_time number="2" start1="10:15" end1="11:00" start2="11:05" end2="11:50"></lesson_time>
  <lesson_time number="3" start1="12:25" end1="13:10" start2="13:15" end2="14:00"></lesson_time>
  <lesson_time number="4" start1="14:35" end1="15:20" start2="15:25" end2="16:10"></lesson_time>
  <lesson_time number="5" start1="16:20" end1="17:05" start2="17:10" end2="17:55"></lesson_time>
  <lesson_time number="6" start1="18:05" end1="18:50" start2="18:55" end2="19:40"></lesson_time>
  <lesson_time number="7" start1="19:50" end1="20:35" start2="20:40" end2="21:25"></lesson_time>
 </day_time>
 <day_time name="¬торник" override="1"></day_time>
 <day_time name="—реда" override="1"></day_time>
 <day_time name="„етверг" override="1"></day_time>
 <day_time name="ѕ€тница" override="1"></day_time>
 <day_time name="—уббота">
  <lesson_time number="1" start1="08:30" end1="09:15" start2="09:20" end2="10:05"></lesson_time>
  <lesson_time number="2" start1="10:15" end1="11:00" start2="11:05" end2="11:50"></lesson_time>
  <lesson_time number="3" start1="12:00" end1="12:45" start2="12:50" end2="13:35"></lesson_time>
  <lesson_time number="4" start1="14:10" end1="14:55" start2="15:00" end2="15:45"></lesson_time>
  <lesson_time number="5" start1="15:55" end1="16:40" start2="16:45" end2="17:30"></lesson_time>
  <lesson_time number="6" start1="17:40" end1="18:25" start2="18:30" end2="19:15"></lesson_time>
  <lesson_time number="7" start1="19:25" end1="20:10" start2="20:15" end2="21:00"></lesson_time>
 </day_time>
</week_time> 
30.08.2016 23:22:35.658 [DEBUG][main  ][ParserGroupLesson   ] - ==== Parsing Element = #document ==== 
30.08.2016 23:22:35.670 [DEBUG][main  ][ParserHTMLAbstract  ] - parsingElements return  
30.08.2016 23:22:35.670 [DEBUG][main  ][ParserGroupLesson   ] - ====== return <group_lesson></group_lesson> 
30.08.2016 23:26:29.739 [DEBUG][main  ][ParserWeekTime      ] - ==== Parsing Element = #document ==== 
30.08.2016 23:26:29.746 [DEBUG][main  ][ParserWeekTime      ] - parseDayTime 
30.08.2016 23:26:29.747 [INFO ][main  ][ParserDayTime       ] - ==== Parsing Element = table ==== 
30.08.2016 23:26:29.754 [DEBUG][main  ][ParserDayTime       ] - addLessonTime dayTime =  cssQuery =  td.n_para + td.time 
30.08.2016 23:26:29.757 [DEBUG][main  ][ParserLessonTime    ] - ==== Parsing Element = td ==== 
30.08.2016 23:26:29.758 [DEBUG][main  ][ParserLessonTime    ] - executeSelect elementsTime return <td class="time">08:30Ц09:15<br>09:20Ц10:05<td class="n_para">1 пара</td></td> 
30.08.2016 23:26:29.759 [DEBUG][main  ][ParserLessonTime    ] - ====== return <lesson_time number="1" start1="08:30" end1="09:15" start2="09:20" end2="10:05"></lesson_time> 
30.08.2016 23:26:29.760 [DEBUG][main  ][ParserDayTime       ] - add <lesson_time number="1" start1="08:30" end1="09:15" start2="09:20" end2="10:05"></lesson_time>com.parsingHTML.logic.parser.daytime.ParserDayTime@4206a205 
30.08.2016 23:26:29.760 [DEBUG][main  ][ParserLessonTime    ] - ==== Parsing Element = td ==== 
30.08.2016 23:26:29.760 [DEBUG][main  ][ParserLessonTime    ] - executeSelect elementsTime return <td class="time">10:15Ц11:00<br>11:05Ц11:50<td class="n_para">2 пара</td></td> 
30.08.2016 23:26:29.762 [DEBUG][main  ][ParserLessonTime    ] - ====== return <lesson_time number="2" start1="10:15" end1="11:00" start2="11:05" end2="11:50"></lesson_time> 
30.08.2016 23:26:29.763 [DEBUG][main  ][ParserDayTime       ] - add <lesson_time number="2" start1="10:15" end1="11:00" start2="11:05" end2="11:50"></lesson_time>com.parsingHTML.logic.parser.daytime.ParserDayTime@4206a205 
30.08.2016 23:26:29.763 [DEBUG][main  ][ParserLessonTime    ] - ==== Parsing Element = td ==== 
30.08.2016 23:26:29.763 [DEBUG][main  ][ParserLessonTime    ] - executeSelect elementsTime return <td class="time">12:25Ц13:10<br>13:15Ц14:00<td class="n_para">3 пара</td></td> 
30.08.2016 23:26:29.765 [DEBUG][main  ][ParserLessonTime    ] - ====== return <lesson_time number="3" start1="12:25" end1="13:10" start2="13:15" end2="14:00"></lesson_time> 
30.08.2016 23:26:29.766 [DEBUG][main  ][ParserDayTime       ] - add <lesson_time number="3" start1="12:25" end1="13:10" start2="13:15" end2="14:00"></lesson_time>com.parsingHTML.logic.parser.daytime.ParserDayTime@4206a205 
30.08.2016 23:26:29.766 [DEBUG][main  ][ParserLessonTime    ] - ==== Parsing Element = td ==== 
30.08.2016 23:26:29.767 [DEBUG][main  ][ParserLessonTime    ] - executeSelect elementsTime return <td class="time">14:35Ц15:20<br>15:25Ц16:10<td class="n_para">4 пара</td></td> 
30.08.2016 23:26:29.769 [DEBUG][main  ][ParserLessonTime    ] - ====== return <lesson_time number="4" start1="14:35" end1="15:20" start2="15:25" end2="16:10"></lesson_time> 
30.08.2016 23:26:29.769 [DEBUG][main  ][ParserDayTime       ] - add <lesson_time number="4" start1="14:35" end1="15:20" start2="15:25" end2="16:10"></lesson_time>com.parsingHTML.logic.parser.daytime.ParserDayTime@4206a205 
30.08.2016 23:26:29.769 [DEBUG][main  ][ParserLessonTime    ] - ==== Parsing Element = td ==== 
30.08.2016 23:26:29.770 [DEBUG][main  ][ParserLessonTime    ] - executeSelect elementsTime return <td class="time">16:20Ц17:05<br>17:10Ц17:55<td class="n_para">5 пара</td></td> 
30.08.2016 23:26:29.772 [DEBUG][main  ][ParserLessonTime    ] - ====== return <lesson_time number="5" start1="16:20" end1="17:05" start2="17:10" end2="17:55"></lesson_time> 
30.08.2016 23:26:29.772 [DEBUG][main  ][ParserDayTime       ] - add <lesson_time number="5" start1="16:20" end1="17:05" start2="17:10" end2="17:55"></lesson_time>com.parsingHTML.logic.parser.daytime.ParserDayTime@4206a205 
30.08.2016 23:26:29.773 [DEBUG][main  ][ParserLessonTime    ] - ==== Parsing Element = td ==== 
30.08.2016 23:26:29.773 [DEBUG][main  ][ParserLessonTime    ] - executeSelect elementsTime return <td class="time">18:05Ц18:50<br>18:55Ц19:40<td class="n_para">6 пара</td></td> 
30.08.2016 23:26:29.776 [DEBUG][main  ][ParserLessonTime    ] - ====== return <lesson_time number="6" start1="18:05" end1="18:50" start2="18:55" end2="19:40"></lesson_time> 
30.08.2016 23:26:29.777 [DEBUG][main  ][ParserDayTime       ] - add <lesson_time number="6" start1="18:05" end1="18:50" start2="18:55" end2="19:40"></lesson_time>com.parsingHTML.logic.parser.daytime.ParserDayTime@4206a205 
30.08.2016 23:26:29.777 [DEBUG][main  ][ParserLessonTime    ] - ==== Parsing Element = td ==== 
30.08.2016 23:26:29.777 [DEBUG][main  ][ParserLessonTime    ] - executeSelect elementsTime return <td class="time">19:50Ц20:35<br>20:40Ц21:25<td class="n_para">7 пара</td></td> 
30.08.2016 23:26:29.779 [DEBUG][main  ][ParserLessonTime    ] - ====== return <lesson_time number="7" start1="19:50" end1="20:35" start2="20:40" end2="21:25"></lesson_time> 
30.08.2016 23:26:29.780 [DEBUG][main  ][ParserDayTime       ] - add <lesson_time number="7" start1="19:50" end1="20:35" start2="20:40" end2="21:25"></lesson_time>com.parsingHTML.logic.parser.daytime.ParserDayTime@4206a205 
30.08.2016 23:26:29.784 [DEBUG][main  ][ParserDayTime       ] - addLessonTime dayTime =  cssQuery =  td.time ~ td 
30.08.2016 23:26:29.787 [DEBUG][main  ][ParserLessonTime    ] - ==== Parsing Element = td ==== 
30.08.2016 23:26:29.788 [DEBUG][main  ][ParserLessonTime    ] - executeSelect elementsTime return <td class="time">08:30Ц09:15<br>09:20Ц10:05<td class="n_para">1 пара</td></td> 
30.08.2016 23:26:29.789 [DEBUG][main  ][ParserLessonTime    ] - ====== return <lesson_time number="1" start1="08:30" end1="09:15" start2="09:20" end2="10:05"></lesson_time> 
30.08.2016 23:26:29.789 [DEBUG][main  ][ParserDayTime       ] - add <lesson_time number="1" start1="08:30" end1="09:15" start2="09:20" end2="10:05"></lesson_time>com.parsingHTML.logic.parser.daytime.ParserDayTime@4206a205 
30.08.2016 23:26:29.789 [DEBUG][main  ][ParserLessonTime    ] - ==== Parsing Element = td ==== 
30.08.2016 23:26:29.790 [DEBUG][main  ][ParserLessonTime    ] - executeSelect elementsTime return <td class="time">10:15Ц11:00<br>11:05Ц11:50<td class="n_para">2 пара</td></td> 
30.08.2016 23:26:29.791 [DEBUG][main  ][ParserLessonTime    ] - ====== return <lesson_time number="2" start1="10:15" end1="11:00" start2="11:05" end2="11:50"></lesson_time> 
30.08.2016 23:26:29.791 [DEBUG][main  ][ParserDayTime       ] - add <lesson_time number="2" start1="10:15" end1="11:00" start2="11:05" end2="11:50"></lesson_time>com.parsingHTML.logic.parser.daytime.ParserDayTime@4206a205 
30.08.2016 23:26:29.791 [DEBUG][main  ][ParserLessonTime    ] - ==== Parsing Element = td ==== 
30.08.2016 23:26:29.792 [DEBUG][main  ][ParserLessonTime    ] - executeSelect elementsTime return <td class="time">12:00Ц12:45<br>12:50Ц13:35<td class="n_para">3 пара</td></td> 
30.08.2016 23:26:29.794 [DEBUG][main  ][ParserLessonTime    ] - ====== return <lesson_time number="3" start1="12:00" end1="12:45" start2="12:50" end2="13:35"></lesson_time> 
30.08.2016 23:26:29.795 [DEBUG][main  ][ParserDayTime       ] - add <lesson_time number="3" start1="12:00" end1="12:45" start2="12:50" end2="13:35"></lesson_time>com.parsingHTML.logic.parser.daytime.ParserDayTime@4206a205 
30.08.2016 23:26:29.795 [DEBUG][main  ][ParserLessonTime    ] - ==== Parsing Element = td ==== 
30.08.2016 23:26:29.795 [DEBUG][main  ][ParserLessonTime    ] - executeSelect elementsTime return <td class="time">14:10Ц14:55<br>15:00Ц15:45<td class="n_para">4 пара</td></td> 
30.08.2016 23:26:29.796 [DEBUG][main  ][ParserLessonTime    ] - ====== return <lesson_time number="4" start1="14:10" end1="14:55" start2="15:00" end2="15:45"></lesson_time> 
30.08.2016 23:26:29.797 [DEBUG][main  ][ParserDayTime       ] - add <lesson_time number="4" start1="14:10" end1="14:55" start2="15:00" end2="15:45"></lesson_time>com.parsingHTML.logic.parser.daytime.ParserDayTime@4206a205 
30.08.2016 23:26:29.797 [DEBUG][main  ][ParserLessonTime    ] - ==== Parsing Element = td ==== 
30.08.2016 23:26:29.797 [DEBUG][main  ][ParserLessonTime    ] - executeSelect elementsTime return <td class="time">15:55Ц16:40<br>16:45Ц17:30<td class="n_para">5 пара</td></td> 
30.08.2016 23:26:29.798 [DEBUG][main  ][ParserLessonTime    ] - ====== return <lesson_time number="5" start1="15:55" end1="16:40" start2="16:45" end2="17:30"></lesson_time> 
30.08.2016 23:26:29.799 [DEBUG][main  ][ParserDayTime       ] - add <lesson_time number="5" start1="15:55" end1="16:40" start2="16:45" end2="17:30"></lesson_time>com.parsingHTML.logic.parser.daytime.ParserDayTime@4206a205 
30.08.2016 23:26:29.799 [DEBUG][main  ][ParserLessonTime    ] - ==== Parsing Element = td ==== 
30.08.2016 23:26:29.800 [DEBUG][main  ][ParserLessonTime    ] - executeSelect elementsTime return <td class="time">17:40Ц18:25<br>18:30Ц19:15<td class="n_para">6 пара</td></td> 
30.08.2016 23:26:29.801 [DEBUG][main  ][ParserLessonTime    ] - ====== return <lesson_time number="6" start1="17:40" end1="18:25" start2="18:30" end2="19:15"></lesson_time> 
30.08.2016 23:26:29.802 [DEBUG][main  ][ParserDayTime       ] - add <lesson_time number="6" start1="17:40" end1="18:25" start2="18:30" end2="19:15"></lesson_time>com.parsingHTML.logic.parser.daytime.ParserDayTime@4206a205 
30.08.2016 23:26:29.802 [DEBUG][main  ][ParserLessonTime    ] - ==== Parsing Element = td ==== 
30.08.2016 23:26:29.802 [DEBUG][main  ][ParserLessonTime    ] - executeSelect elementsTime return <td class="time">19:25Ц20:10<br>20:15Ц21:00<td class="n_para">7 пара</td></td> 
30.08.2016 23:26:29.804 [DEBUG][main  ][ParserLessonTime    ] - ====== return <lesson_time number="7" start1="19:25" end1="20:10" start2="20:15" end2="21:00"></lesson_time> 
30.08.2016 23:26:29.804 [DEBUG][main  ][ParserDayTime       ] - add <lesson_time number="7" start1="19:25" end1="20:10" start2="20:15" end2="21:00"></lesson_time>com.parsingHTML.logic.parser.daytime.ParserDayTime@4206a205 
30.08.2016 23:26:29.805 [DEBUG][main  ][ParserDayTime       ] - ====== return <week_time numerator="false">
 <day_time name="ѕонедельник">
  <lesson_time number="1" start1="08:30" end1="09:15" start2="09:20" end2="10:05"></lesson_time>
  <lesson_time number="2" start1="10:15" end1="11:00" start2="11:05" end2="11:50"></lesson_time>
  <lesson_time number="3" start1="12:25" end1="13:10" start2="13:15" end2="14:00"></lesson_time>
  <lesson_time number="4" start1="14:35" end1="15:20" start2="15:25" end2="16:10"></lesson_time>
  <lesson_time number="5" start1="16:20" end1="17:05" start2="17:10" end2="17:55"></lesson_time>
  <lesson_time number="6" start1="18:05" end1="18:50" start2="18:55" end2="19:40"></lesson_time>
  <lesson_time number="7" start1="19:50" end1="20:35" start2="20:40" end2="21:25"></lesson_time>
 </day_time>
 <day_time name="¬торник" override="1"></day_time>
 <day_time name="—реда" override="1"></day_time>
 <day_time name="„етверг" override="1"></day_time>
 <day_time name="ѕ€тница" override="1"></day_time>
 <day_time name="—уббота">
  <lesson_time number="1" start1="08:30" end1="09:15" start2="09:20" end2="10:05"></lesson_time>
  <lesson_time number="2" start1="10:15" end1="11:00" start2="11:05" end2="11:50"></lesson_time>
  <lesson_time number="3" start1="12:00" end1="12:45" start2="12:50" end2="13:35"></lesson_time>
  <lesson_time number="4" start1="14:10" end1="14:55" start2="15:00" end2="15:45"></lesson_time>
  <lesson_time number="5" start1="15:55" end1="16:40" start2="16:45" end2="17:30"></lesson_time>
  <lesson_time number="6" start1="17:40" end1="18:25" start2="18:30" end2="19:15"></lesson_time>
  <lesson_time number="7" start1="19:25" end1="20:10" start2="20:15" end2="21:00"></lesson_time>
 </day_time>
</week_time> 
30.08.2016 23:26:29.807 [DEBUG][main  ][ParserWeekTime      ] - ====== return <week_time numerator="false">
 <day_time name="ѕонедельник">
  <lesson_time number="1" start1="08:30" end1="09:15" start2="09:20" end2="10:05"></lesson_time>
  <lesson_time number="2" start1="10:15" end1="11:00" start2="11:05" end2="11:50"></lesson_time>
  <lesson_time number="3" start1="12:25" end1="13:10" start2="13:15" end2="14:00"></lesson_time>
  <lesson_time number="4" start1="14:35" end1="15:20" start2="15:25" end2="16:10"></lesson_time>
  <lesson_time number="5" start1="16:20" end1="17:05" start2="17:10" end2="17:55"></lesson_time>
  <lesson_time number="6" start1="18:05" end1="18:50" start2="18:55" end2="19:40"></lesson_time>
  <lesson_time number="7" start1="19:50" end1="20:35" start2="20:40" end2="21:25"></lesson_time>
 </day_time>
 <day_time name="¬торник" override="1"></day_time>
 <day_time name="—реда" override="1"></day_time>
 <day_time name="„етверг" override="1"></day_time>
 <day_time name="ѕ€тница" override="1"></day_time>
 <day_time name="—уббота">
  <lesson_time number="1" start1="08:30" end1="09:15" start2="09:20" end2="10:05"></lesson_time>
  <lesson_time number="2" start1="10:15" end1="11:00" start2="11:05" end2="11:50"></lesson_time>
  <lesson_time number="3" start1="12:00" end1="12:45" start2="12:50" end2="13:35"></lesson_time>
  <lesson_time number="4" start1="14:10" end1="14:55" start2="15:00" end2="15:45"></lesson_time>
  <lesson_time number="5" start1="15:55" end1="16:40" start2="16:45" end2="17:30"></lesson_time>
  <lesson_time number="6" start1="17:40" end1="18:25" start2="18:30" end2="19:15"></lesson_time>
  <lesson_time number="7" start1="19:25" end1="20:10" start2="20:15" end2="21:00"></lesson_time>
 </day_time>
</week_time> 
30.08.2016 23:26:29.826 [DEBUG][main  ][ParserGroupLesson   ] - ==== Parsing Element = #document ==== 
30.08.2016 23:26:29.833 [DEBUG][main  ][ParserHTMLAbstract  ] - parsingElements return  
30.08.2016 23:26:29.834 [DEBUG][main  ][ParserGroupLesson   ] - ====== return <group_lesson></group_lesson> 
30.08.2016 23:26:39.324 [DEBUG][main  ][ParserWeekTime      ] - ==== Parsing Element = #document ==== 
30.08.2016 23:26:39.331 [DEBUG][main  ][ParserWeekTime      ] - parseDayTime 
30.08.2016 23:26:39.332 [INFO ][main  ][ParserDayTime       ] - ==== Parsing Element = table ==== 
30.08.2016 23:26:39.356 [DEBUG][main  ][ParserDayTime       ] - addLessonTime dayTime =  cssQuery =  td.n_para + td.time 
30.08.2016 23:26:39.360 [DEBUG][main  ][ParserLessonTime    ] - ==== Parsing Element = td ==== 
30.08.2016 23:26:39.361 [DEBUG][main  ][ParserLessonTime    ] - executeSelect elementsTime return <td class="time">08:30Ц09:15<br>09:20Ц10:05<td class="n_para">1 пара</td></td> 
30.08.2016 23:26:39.369 [DEBUG][main  ][ParserLessonTime    ] - ====== return <lesson_time number="1" start1="08:30" end1="09:15" start2="09:20" end2="10:05"></lesson_time> 
30.08.2016 23:26:39.370 [DEBUG][main  ][ParserDayTime       ] - add <lesson_time number="1" start1="08:30" end1="09:15" start2="09:20" end2="10:05"></lesson_time>com.parsingHTML.logic.parser.daytime.ParserDayTime@4206a205 
30.08.2016 23:26:39.370 [DEBUG][main  ][ParserLessonTime    ] - ==== Parsing Element = td ==== 
30.08.2016 23:26:39.371 [DEBUG][main  ][ParserLessonTime    ] - executeSelect elementsTime return <td class="time">10:15Ц11:00<br>11:05Ц11:50<td class="n_para">2 пара</td></td> 
30.08.2016 23:26:39.375 [DEBUG][main  ][ParserLessonTime    ] - ====== return <lesson_time number="2" start1="10:15" end1="11:00" start2="11:05" end2="11:50"></lesson_time> 
30.08.2016 23:26:39.375 [DEBUG][main  ][ParserDayTime       ] - add <lesson_time number="2" start1="10:15" end1="11:00" start2="11:05" end2="11:50"></lesson_time>com.parsingHTML.logic.parser.daytime.ParserDayTime@4206a205 
30.08.2016 23:26:39.376 [DEBUG][main  ][ParserLessonTime    ] - ==== Parsing Element = td ==== 
30.08.2016 23:26:39.376 [DEBUG][main  ][ParserLessonTime    ] - executeSelect elementsTime return <td class="time">12:25Ц13:10<br>13:15Ц14:00<td class="n_para">3 пара</td></td> 
30.08.2016 23:26:39.383 [DEBUG][main  ][ParserLessonTime    ] - ====== return <lesson_time number="3" start1="12:25" end1="13:10" start2="13:15" end2="14:00"></lesson_time> 
30.08.2016 23:26:39.384 [DEBUG][main  ][ParserDayTime       ] - add <lesson_time number="3" start1="12:25" end1="13:10" start2="13:15" end2="14:00"></lesson_time>com.parsingHTML.logic.parser.daytime.ParserDayTime@4206a205 
30.08.2016 23:26:39.384 [DEBUG][main  ][ParserLessonTime    ] - ==== Parsing Element = td ==== 
30.08.2016 23:26:39.385 [DEBUG][main  ][ParserLessonTime    ] - executeSelect elementsTime return <td class="time">14:35Ц15:20<br>15:25Ц16:10<td class="n_para">4 пара</td></td> 
30.08.2016 23:26:39.388 [DEBUG][main  ][ParserLessonTime    ] - ====== return <lesson_time number="4" start1="14:35" end1="15:20" start2="15:25" end2="16:10"></lesson_time> 
30.08.2016 23:26:39.388 [DEBUG][main  ][ParserDayTime       ] - add <lesson_time number="4" start1="14:35" end1="15:20" start2="15:25" end2="16:10"></lesson_time>com.parsingHTML.logic.parser.daytime.ParserDayTime@4206a205 
30.08.2016 23:26:39.388 [DEBUG][main  ][ParserLessonTime    ] - ==== Parsing Element = td ==== 
30.08.2016 23:26:39.389 [DEBUG][main  ][ParserLessonTime    ] - executeSelect elementsTime return <td class="time">16:20Ц17:05<br>17:10Ц17:55<td class="n_para">5 пара</td></td> 
30.08.2016 23:26:39.392 [DEBUG][main  ][ParserLessonTime    ] - ====== return <lesson_time number="5" start1="16:20" end1="17:05" start2="17:10" end2="17:55"></lesson_time> 
30.08.2016 23:26:39.392 [DEBUG][main  ][ParserDayTime       ] - add <lesson_time number="5" start1="16:20" end1="17:05" start2="17:10" end2="17:55"></lesson_time>com.parsingHTML.logic.parser.daytime.ParserDayTime@4206a205 
30.08.2016 23:26:39.393 [DEBUG][main  ][ParserLessonTime    ] - ==== Parsing Element = td ==== 
30.08.2016 23:26:39.393 [DEBUG][main  ][ParserLessonTime    ] - executeSelect elementsTime return <td class="time">18:05Ц18:50<br>18:55Ц19:40<td class="n_para">6 пара</td></td> 
30.08.2016 23:26:39.398 [DEBUG][main  ][ParserLessonTime    ] - ====== return <lesson_time number="6" start1="18:05" end1="18:50" start2="18:55" end2="19:40"></lesson_time> 
30.08.2016 23:26:39.398 [DEBUG][main  ][ParserDayTime       ] - add <lesson_time number="6" start1="18:05" end1="18:50" start2="18:55" end2="19:40"></lesson_time>com.parsingHTML.logic.parser.daytime.ParserDayTime@4206a205 
30.08.2016 23:26:39.398 [DEBUG][main  ][ParserLessonTime    ] - ==== Parsing Element = td ==== 
30.08.2016 23:26:39.399 [DEBUG][main  ][ParserLessonTime    ] - executeSelect elementsTime return <td class="time">19:50Ц20:35<br>20:40Ц21:25<td class="n_para">7 пара</td></td> 
30.08.2016 23:26:39.402 [DEBUG][main  ][ParserLessonTime    ] - ====== return <lesson_time number="7" start1="19:50" end1="20:35" start2="20:40" end2="21:25"></lesson_time> 
30.08.2016 23:26:39.402 [DEBUG][main  ][ParserDayTime       ] - add <lesson_time number="7" start1="19:50" end1="20:35" start2="20:40" end2="21:25"></lesson_time>com.parsingHTML.logic.parser.daytime.ParserDayTime@4206a205 
30.08.2016 23:26:39.409 [DEBUG][main  ][ParserDayTime       ] - addLessonTime dayTime =  cssQuery =  td.time ~ td 
30.08.2016 23:26:39.412 [DEBUG][main  ][ParserLessonTime    ] - ==== Parsing Element = td ==== 
30.08.2016 23:26:39.413 [DEBUG][main  ][ParserLessonTime    ] - executeSelect elementsTime return <td class="time">08:30Ц09:15<br>09:20Ц10:05<td class="n_para">1 пара</td></td> 
30.08.2016 23:26:39.415 [DEBUG][main  ][ParserLessonTime    ] - ====== return <lesson_time number="1" start1="08:30" end1="09:15" start2="09:20" end2="10:05"></lesson_time> 
30.08.2016 23:26:39.415 [DEBUG][main  ][ParserDayTime       ] - add <lesson_time number="1" start1="08:30" end1="09:15" start2="09:20" end2="10:05"></lesson_time>com.parsingHTML.logic.parser.daytime.ParserDayTime@4206a205 
30.08.2016 23:26:39.416 [DEBUG][main  ][ParserLessonTime    ] - ==== Parsing Element = td ==== 
30.08.2016 23:26:39.416 [DEBUG][main  ][ParserLessonTime    ] - executeSelect elementsTime return <td class="time">10:15Ц11:00<br>11:05Ц11:50<td class="n_para">2 пара</td></td> 
30.08.2016 23:26:39.424 [DEBUG][main  ][ParserLessonTime    ] - ====== return <lesson_time number="2" start1="10:15" end1="11:00" start2="11:05" end2="11:50"></lesson_time> 
30.08.2016 23:26:39.429 [DEBUG][main  ][ParserDayTime       ] - add <lesson_time number="2" start1="10:15" end1="11:00" start2="11:05" end2="11:50"></lesson_time>com.parsingHTML.logic.parser.daytime.ParserDayTime@4206a205 
30.08.2016 23:26:39.429 [DEBUG][main  ][ParserLessonTime    ] - ==== Parsing Element = td ==== 
30.08.2016 23:26:39.430 [DEBUG][main  ][ParserLessonTime    ] - executeSelect elementsTime return <td class="time">12:00Ц12:45<br>12:50Ц13:35<td class="n_para">3 пара</td></td> 
30.08.2016 23:26:39.432 [DEBUG][main  ][ParserLessonTime    ] - ====== return <lesson_time number="3" start1="12:00" end1="12:45" start2="12:50" end2="13:35"></lesson_time> 
30.08.2016 23:26:39.433 [DEBUG][main  ][ParserDayTime       ] - add <lesson_time number="3" start1="12:00" end1="12:45" start2="12:50" end2="13:35"></lesson_time>com.parsingHTML.logic.parser.daytime.ParserDayTime@4206a205 
30.08.2016 23:26:39.433 [DEBUG][main  ][ParserLessonTime    ] - ==== Parsing Element = td ==== 
30.08.2016 23:26:39.434 [DEBUG][main  ][ParserLessonTime    ] - executeSelect elementsTime return <td class="time">14:10Ц14:55<br>15:00Ц15:45<td class="n_para">4 пара</td></td> 
30.08.2016 23:26:39.436 [DEBUG][main  ][ParserLessonTime    ] - ====== return <lesson_time number="4" start1="14:10" end1="14:55" start2="15:00" end2="15:45"></lesson_time> 
30.08.2016 23:26:39.436 [DEBUG][main  ][ParserDayTime       ] - add <lesson_time number="4" start1="14:10" end1="14:55" start2="15:00" end2="15:45"></lesson_time>com.parsingHTML.logic.parser.daytime.ParserDayTime@4206a205 
30.08.2016 23:26:39.437 [DEBUG][main  ][ParserLessonTime    ] - ==== Parsing Element = td ==== 
30.08.2016 23:26:39.437 [DEBUG][main  ][ParserLessonTime    ] - executeSelect elementsTime return <td class="time">15:55Ц16:40<br>16:45Ц17:30<td class="n_para">5 пара</td></td> 
30.08.2016 23:26:39.547 [DEBUG][main  ][ParserLessonTime    ] - ====== return <lesson_time number="5" start1="15:55" end1="16:40" start2="16:45" end2="17:30"></lesson_time> 
30.08.2016 23:26:39.547 [DEBUG][main  ][ParserDayTime       ] - add <lesson_time number="5" start1="15:55" end1="16:40" start2="16:45" end2="17:30"></lesson_time>com.parsingHTML.logic.parser.daytime.ParserDayTime@4206a205 
30.08.2016 23:26:39.548 [DEBUG][main  ][ParserLessonTime    ] - ==== Parsing Element = td ==== 
30.08.2016 23:26:39.548 [DEBUG][main  ][ParserLessonTime    ] - executeSelect elementsTime return <td class="time">17:40Ц18:25<br>18:30Ц19:15<td class="n_para">6 пара</td></td> 
30.08.2016 23:26:39.550 [DEBUG][main  ][ParserLessonTime    ] - ====== return <lesson_time number="6" start1="17:40" end1="18:25" start2="18:30" end2="19:15"></lesson_time> 
30.08.2016 23:26:39.551 [DEBUG][main  ][ParserDayTime       ] - add <lesson_time number="6" start1="17:40" end1="18:25" start2="18:30" end2="19:15"></lesson_time>com.parsingHTML.logic.parser.daytime.ParserDayTime@4206a205 
30.08.2016 23:26:39.551 [DEBUG][main  ][ParserLessonTime    ] - ==== Parsing Element = td ==== 
30.08.2016 23:26:39.552 [DEBUG][main  ][ParserLessonTime    ] - executeSelect elementsTime return <td class="time">19:25Ц20:10<br>20:15Ц21:00<td class="n_para">7 пара</td></td> 
30.08.2016 23:26:39.554 [DEBUG][main  ][ParserLessonTime    ] - ====== return <lesson_time number="7" start1="19:25" end1="20:10" start2="20:15" end2="21:00"></lesson_time> 
30.08.2016 23:26:39.554 [DEBUG][main  ][ParserDayTime       ] - add <lesson_time number="7" start1="19:25" end1="20:10" start2="20:15" end2="21:00"></lesson_time>com.parsingHTML.logic.parser.daytime.ParserDayTime@4206a205 
30.08.2016 23:26:39.554 [DEBUG][main  ][ParserDayTime       ] - ====== return <week_time numerator="false">
 <day_time name="ѕонедельник">
  <lesson_time number="1" start1="08:30" end1="09:15" start2="09:20" end2="10:05"></lesson_time>
  <lesson_time number="2" start1="10:15" end1="11:00" start2="11:05" end2="11:50"></lesson_time>
  <lesson_time number="3" start1="12:25" end1="13:10" start2="13:15" end2="14:00"></lesson_time>
  <lesson_time number="4" start1="14:35" end1="15:20" start2="15:25" end2="16:10"></lesson_time>
  <lesson_time number="5" start1="16:20" end1="17:05" start2="17:10" end2="17:55"></lesson_time>
  <lesson_time number="6" start1="18:05" end1="18:50" start2="18:55" end2="19:40"></lesson_time>
  <lesson_time number="7" start1="19:50" end1="20:35" start2="20:40" end2="21:25"></lesson_time>
 </day_time>
 <day_time name="¬торник" override="1"></day_time>
 <day_time name="—реда" override="1"></day_time>
 <day_time name="„етверг" override="1"></day_time>
 <day_time name="ѕ€тница" override="1"></day_time>
 <day_time name="—уббота">
  <lesson_time number="1" start1="08:30" end1="09:15" start2="09:20" end2="10:05"></lesson_time>
  <lesson_time number="2" start1="10:15" end1="11:00" start2="11:05" end2="11:50"></lesson_time>
  <lesson_time number="3" start1="12:00" end1="12:45" start2="12:50" end2="13:35"></lesson_time>
  <lesson_time number="4" start1="14:10" end1="14:55" start2="15:00" end2="15:45"></lesson_time>
  <lesson_time number="5" start1="15:55" end1="16:40" start2="16:45" end2="17:30"></lesson_time>
  <lesson_time number="6" start1="17:40" end1="18:25" start2="18:30" end2="19:15"></lesson_time>
  <lesson_time number="7" start1="19:25" end1="20:10" start2="20:15" end2="21:00"></lesson_time>
 </day_time>
</week_time> 
30.08.2016 23:26:39.567 [DEBUG][main  ][ParserWeekTime      ] - ====== return <week_time numerator="false">
 <day_time name="ѕонедельник">
  <lesson_time number="1" start1="08:30" end1="09:15" start2="09:20" end2="10:05"></lesson_time>
  <lesson_time number="2" start1="10:15" end1="11:00" start2="11:05" end2="11:50"></lesson_time>
  <lesson_time number="3" start1="12:25" end1="13:10" start2="13:15" end2="14:00"></lesson_time>
  <lesson_time number="4" start1="14:35" end1="15:20" start2="15:25" end2="16:10"></lesson_time>
  <lesson_time number="5" start1="16:20" end1="17:05" start2="17:10" end2="17:55"></lesson_time>
  <lesson_time number="6" start1="18:05" end1="18:50" start2="18:55" end2="19:40"></lesson_time>
  <lesson_time number="7" start1="19:50" end1="20:35" start2="20:40" end2="21:25"></lesson_time>
 </day_time>
 <day_time name="¬торник" override="1"></day_time>
 <day_time name="—реда" override="1"></day_time>
 <day_time name="„етверг" override="1"></day_time>
 <day_time name="ѕ€тница" override="1"></day_time>
 <day_time name="—уббота">
  <lesson_time number="1" start1="08:30" end1="09:15" start2="09:20" end2="10:05"></lesson_time>
  <lesson_time number="2" start1="10:15" end1="11:00" start2="11:05" end2="11:50"></lesson_time>
  <lesson_time number="3" start1="12:00" end1="12:45" start2="12:50" end2="13:35"></lesson_time>
  <lesson_time number="4" start1="14:10" end1="14:55" start2="15:00" end2="15:45"></lesson_time>
  <lesson_time number="5" start1="15:55" end1="16:40" start2="16:45" end2="17:30"></lesson_time>
  <lesson_time number="6" start1="17:40" end1="18:25" start2="18:30" end2="19:15"></lesson_time>
  <lesson_time number="7" start1="19:25" end1="20:10" start2="20:15" end2="21:00"></lesson_time>
 </day_time>
</week_time> 
30.08.2016 23:26:39.588 [DEBUG][main  ][ParserGroupLesson   ] - ==== Parsing Element = #document ==== 
30.08.2016 23:26:39.594 [DEBUG][main  ][ParserHTMLAbstract  ] - parsingElements return  
30.08.2016 23:26:39.594 [DEBUG][main  ][ParserGroupLesson   ] - ====== return <group_lesson></group_lesson> 
30.08.2016 23:34:00.157 [DEBUG][main  ][ParserWeekTime      ] - ==== Parsing Element = #document ==== 
30.08.2016 23:34:00.166 [DEBUG][main  ][ParserWeekTime      ] - parseDayTime 
30.08.2016 23:34:00.168 [INFO ][main  ][ParserDayTime       ] - ==== Parsing Element = table ==== 
30.08.2016 23:34:00.177 [DEBUG][main  ][ParserDayTime       ] - addLessonTime dayTime =  cssQuery =  td.n_para + td.time 
30.08.2016 23:34:00.180 [DEBUG][main  ][ParserLessonTime    ] - ==== Parsing Element = td ==== 
30.08.2016 23:34:00.181 [DEBUG][main  ][ParserLessonTime    ] - executeSelect elementsTime return <td class="time">08:30Ц09:15<br>09:20Ц10:05<td class="n_para">1 пара</td></td> 
30.08.2016 23:34:00.184 [DEBUG][main  ][ParserLessonTime    ] - ====== return <lesson_time number="1" start1="08:30" end1="09:15" start2="09:20" end2="10:05"></lesson_time> 
30.08.2016 23:34:00.184 [DEBUG][main  ][ParserDayTime       ] - add <lesson_time number="1" start1="08:30" end1="09:15" start2="09:20" end2="10:05"></lesson_time>com.parsingHTML.logic.parser.daytime.ParserDayTime@6fdb1f78 
30.08.2016 23:34:00.185 [DEBUG][main  ][ParserLessonTime    ] - ==== Parsing Element = td ==== 
30.08.2016 23:34:00.185 [DEBUG][main  ][ParserLessonTime    ] - executeSelect elementsTime return <td class="time">10:15Ц11:00<br>11:05Ц11:50<td class="n_para">2 пара</td></td> 
30.08.2016 23:34:00.189 [DEBUG][main  ][ParserLessonTime    ] - ====== return <lesson_time number="2" start1="10:15" end1="11:00" start2="11:05" end2="11:50"></lesson_time> 
30.08.2016 23:34:00.190 [DEBUG][main  ][ParserDayTime       ] - add <lesson_time number="2" start1="10:15" end1="11:00" start2="11:05" end2="11:50"></lesson_time>com.parsingHTML.logic.parser.daytime.ParserDayTime@6fdb1f78 
30.08.2016 23:34:00.190 [DEBUG][main  ][ParserLessonTime    ] - ==== Parsing Element = td ==== 
30.08.2016 23:34:00.191 [DEBUG][main  ][ParserLessonTime    ] - executeSelect elementsTime return <td class="time">12:25Ц13:10<br>13:15Ц14:00<td class="n_para">3 пара</td></td> 
30.08.2016 23:34:00.194 [DEBUG][main  ][ParserLessonTime    ] - ====== return <lesson_time number="3" start1="12:25" end1="13:10" start2="13:15" end2="14:00"></lesson_time> 
30.08.2016 23:34:00.194 [DEBUG][main  ][ParserDayTime       ] - add <lesson_time number="3" start1="12:25" end1="13:10" start2="13:15" end2="14:00"></lesson_time>com.parsingHTML.logic.parser.daytime.ParserDayTime@6fdb1f78 
30.08.2016 23:34:00.195 [DEBUG][main  ][ParserLessonTime    ] - ==== Parsing Element = td ==== 
30.08.2016 23:34:00.196 [DEBUG][main  ][ParserLessonTime    ] - executeSelect elementsTime return <td class="time">14:35Ц15:20<br>15:25Ц16:10<td class="n_para">4 пара</td></td> 
30.08.2016 23:34:00.198 [DEBUG][main  ][ParserLessonTime    ] - ====== return <lesson_time number="4" start1="14:35" end1="15:20" start2="15:25" end2="16:10"></lesson_time> 
30.08.2016 23:34:00.198 [DEBUG][main  ][ParserDayTime       ] - add <lesson_time number="4" start1="14:35" end1="15:20" start2="15:25" end2="16:10"></lesson_time>com.parsingHTML.logic.parser.daytime.ParserDayTime@6fdb1f78 
30.08.2016 23:34:00.199 [DEBUG][main  ][ParserLessonTime    ] - ==== Parsing Element = td ==== 
30.08.2016 23:34:00.200 [DEBUG][main  ][ParserLessonTime    ] - executeSelect elementsTime return <td class="time">16:20Ц17:05<br>17:10Ц17:55<td class="n_para">5 пара</td></td> 
30.08.2016 23:34:00.208 [DEBUG][main  ][ParserLessonTime    ] - ====== return <lesson_time number="5" start1="16:20" end1="17:05" start2="17:10" end2="17:55"></lesson_time> 
30.08.2016 23:34:00.209 [DEBUG][main  ][ParserDayTime       ] - add <lesson_time number="5" start1="16:20" end1="17:05" start2="17:10" end2="17:55"></lesson_time>com.parsingHTML.logic.parser.daytime.ParserDayTime@6fdb1f78 
30.08.2016 23:34:00.209 [DEBUG][main  ][ParserLessonTime    ] - ==== Parsing Element = td ==== 
30.08.2016 23:34:00.210 [DEBUG][main  ][ParserLessonTime    ] - executeSelect elementsTime return <td class="time">18:05Ц18:50<br>18:55Ц19:40<td class="n_para">6 пара</td></td> 
30.08.2016 23:34:00.213 [DEBUG][main  ][ParserLessonTime    ] - ====== return <lesson_time number="6" start1="18:05" end1="18:50" start2="18:55" end2="19:40"></lesson_time> 
30.08.2016 23:34:00.213 [DEBUG][main  ][ParserDayTime       ] - add <lesson_time number="6" start1="18:05" end1="18:50" start2="18:55" end2="19:40"></lesson_time>com.parsingHTML.logic.parser.daytime.ParserDayTime@6fdb1f78 
30.08.2016 23:34:00.213 [DEBUG][main  ][ParserLessonTime    ] - ==== Parsing Element = td ==== 
30.08.2016 23:34:00.214 [DEBUG][main  ][ParserLessonTime    ] - executeSelect elementsTime return <td class="time">19:50Ц20:35<br>20:40Ц21:25<td class="n_para">7 пара</td></td> 
30.08.2016 23:34:00.231 [DEBUG][main  ][ParserLessonTime    ] - ====== return <lesson_time number="7" start1="19:50" end1="20:35" start2="20:40" end2="21:25"></lesson_time> 
30.08.2016 23:34:00.231 [DEBUG][main  ][ParserDayTime       ] - add <lesson_time number="7" start1="19:50" end1="20:35" start2="20:40" end2="21:25"></lesson_time>com.parsingHTML.logic.parser.daytime.ParserDayTime@6fdb1f78 
30.08.2016 23:34:00.239 [DEBUG][main  ][ParserDayTime       ] - addLessonTime dayTime =  cssQuery =  td.time ~ td 
30.08.2016 23:34:00.267 [DEBUG][main  ][ParserLessonTime    ] - ==== Parsing Element = td ==== 
30.08.2016 23:34:00.268 [DEBUG][main  ][ParserLessonTime    ] - executeSelect elementsTime return <td class="time">08:30Ц09:15<br>09:20Ц10:05<td class="n_para">1 пара</td></td> 
30.08.2016 23:34:00.271 [DEBUG][main  ][ParserLessonTime    ] - ====== return <lesson_time number="1" start1="08:30" end1="09:15" start2="09:20" end2="10:05"></lesson_time> 
30.08.2016 23:34:00.271 [DEBUG][main  ][ParserDayTime       ] - add <lesson_time number="1" start1="08:30" end1="09:15" start2="09:20" end2="10:05"></lesson_time>com.parsingHTML.logic.parser.daytime.ParserDayTime@6fdb1f78 
30.08.2016 23:34:00.271 [DEBUG][main  ][ParserLessonTime    ] - ==== Parsing Element = td ==== 
30.08.2016 23:34:00.272 [DEBUG][main  ][ParserLessonTime    ] - executeSelect elementsTime return <td class="time">10:15Ц11:00<br>11:05Ц11:50<td class="n_para">2 пара</td></td> 
30.08.2016 23:34:00.274 [DEBUG][main  ][ParserLessonTime    ] - ====== return <lesson_time number="2" start1="10:15" end1="11:00" start2="11:05" end2="11:50"></lesson_time> 
30.08.2016 23:34:00.275 [DEBUG][main  ][ParserDayTime       ] - add <lesson_time number="2" start1="10:15" end1="11:00" start2="11:05" end2="11:50"></lesson_time>com.parsingHTML.logic.parser.daytime.ParserDayTime@6fdb1f78 
30.08.2016 23:34:00.275 [DEBUG][main  ][ParserLessonTime    ] - ==== Parsing Element = td ==== 
30.08.2016 23:34:00.276 [DEBUG][main  ][ParserLessonTime    ] - executeSelect elementsTime return <td class="time">12:00Ц12:45<br>12:50Ц13:35<td class="n_para">3 пара</td></td> 
30.08.2016 23:34:00.283 [DEBUG][main  ][ParserLessonTime    ] - ====== return <lesson_time number="3" start1="12:00" end1="12:45" start2="12:50" end2="13:35"></lesson_time> 
30.08.2016 23:34:00.284 [DEBUG][main  ][ParserDayTime       ] - add <lesson_time number="3" start1="12:00" end1="12:45" start2="12:50" end2="13:35"></lesson_time>com.parsingHTML.logic.parser.daytime.ParserDayTime@6fdb1f78 
30.08.2016 23:34:00.284 [DEBUG][main  ][ParserLessonTime    ] - ==== Parsing Element = td ==== 
30.08.2016 23:34:00.285 [DEBUG][main  ][ParserLessonTime    ] - executeSelect elementsTime return <td class="time">14:10Ц14:55<br>15:00Ц15:45<td class="n_para">4 пара</td></td> 
30.08.2016 23:34:00.287 [DEBUG][main  ][ParserLessonTime    ] - ====== return <lesson_time number="4" start1="14:10" end1="14:55" start2="15:00" end2="15:45"></lesson_time> 
30.08.2016 23:34:00.287 [DEBUG][main  ][ParserDayTime       ] - add <lesson_time number="4" start1="14:10" end1="14:55" start2="15:00" end2="15:45"></lesson_time>com.parsingHTML.logic.parser.daytime.ParserDayTime@6fdb1f78 
30.08.2016 23:34:00.287 [DEBUG][main  ][ParserLessonTime    ] - ==== Parsing Element = td ==== 
30.08.2016 23:34:00.288 [DEBUG][main  ][ParserLessonTime    ] - executeSelect elementsTime return <td class="time">15:55Ц16:40<br>16:45Ц17:30<td class="n_para">5 пара</td></td> 
30.08.2016 23:34:00.290 [DEBUG][main  ][ParserLessonTime    ] - ====== return <lesson_time number="5" start1="15:55" end1="16:40" start2="16:45" end2="17:30"></lesson_time> 
30.08.2016 23:34:00.290 [DEBUG][main  ][ParserDayTime       ] - add <lesson_time number="5" start1="15:55" end1="16:40" start2="16:45" end2="17:30"></lesson_time>com.parsingHTML.logic.parser.daytime.ParserDayTime@6fdb1f78 
30.08.2016 23:34:00.290 [DEBUG][main  ][ParserLessonTime    ] - ==== Parsing Element = td ==== 
30.08.2016 23:34:00.308 [DEBUG][main  ][ParserLessonTime    ] - executeSelect elementsTime return <td class="time">17:40Ц18:25<br>18:30Ц19:15<td class="n_para">6 пара</td></td> 
30.08.2016 23:34:00.310 [DEBUG][main  ][ParserLessonTime    ] - ====== return <lesson_time number="6" start1="17:40" end1="18:25" start2="18:30" end2="19:15"></lesson_time> 
30.08.2016 23:34:00.310 [DEBUG][main  ][ParserDayTime       ] - add <lesson_time number="6" start1="17:40" end1="18:25" start2="18:30" end2="19:15"></lesson_time>com.parsingHTML.logic.parser.daytime.ParserDayTime@6fdb1f78 
30.08.2016 23:34:00.310 [DEBUG][main  ][ParserLessonTime    ] - ==== Parsing Element = td ==== 
30.08.2016 23:34:00.313 [DEBUG][main  ][ParserLessonTime    ] - executeSelect elementsTime return <td class="time">19:25Ц20:10<br>20:15Ц21:00<td class="n_para">7 пара</td></td> 
30.08.2016 23:34:00.315 [DEBUG][main  ][ParserLessonTime    ] - ====== return <lesson_time number="7" start1="19:25" end1="20:10" start2="20:15" end2="21:00"></lesson_time> 
30.08.2016 23:34:00.315 [DEBUG][main  ][ParserDayTime       ] - add <lesson_time number="7" start1="19:25" end1="20:10" start2="20:15" end2="21:00"></lesson_time>com.parsingHTML.logic.parser.daytime.ParserDayTime@6fdb1f78 
30.08.2016 23:34:00.330 [DEBUG][main  ][ParserDayTime       ] - ====== return <week_time numerator="false">
 <day_time name="ѕонедельник">
  <lesson_time number="1" start1="08:30" end1="09:15" start2="09:20" end2="10:05"></lesson_time>
  <lesson_time number="2" start1="10:15" end1="11:00" start2="11:05" end2="11:50"></lesson_time>
  <lesson_time number="3" start1="12:25" end1="13:10" start2="13:15" end2="14:00"></lesson_time>
  <lesson_time number="4" start1="14:35" end1="15:20" start2="15:25" end2="16:10"></lesson_time>
  <lesson_time number="5" start1="16:20" end1="17:05" start2="17:10" end2="17:55"></lesson_time>
  <lesson_time number="6" start1="18:05" end1="18:50" start2="18:55" end2="19:40"></lesson_time>
  <lesson_time number="7" start1="19:50" end1="20:35" start2="20:40" end2="21:25"></lesson_time>
 </day_time>
 <day_time name="¬торник" override="1"></day_time>
 <day_time name="—реда" override="1"></day_time>
 <day_time name="„етверг" override="1"></day_time>
 <day_time name="ѕ€тница" override="1"></day_time>
 <day_time name="—уббота">
  <lesson_time number="1" start1="08:30" end1="09:15" start2="09:20" end2="10:05"></lesson_time>
  <lesson_time number="2" start1="10:15" end1="11:00" start2="11:05" end2="11:50"></lesson_time>
  <lesson_time number="3" start1="12:00" end1="12:45" start2="12:50" end2="13:35"></lesson_time>
  <lesson_time number="4" start1="14:10" end1="14:55" start2="15:00" end2="15:45"></lesson_time>
  <lesson_time number="5" start1="15:55" end1="16:40" start2="16:45" end2="17:30"></lesson_time>
  <lesson_time number="6" start1="17:40" end1="18:25" start2="18:30" end2="19:15"></lesson_time>
  <lesson_time number="7" start1="19:25" end1="20:10" start2="20:15" end2="21:00"></lesson_time>
 </day_time>
</week_time> 
30.08.2016 23:34:00.331 [DEBUG][main  ][ParserWeekTime      ] - ====== return <week_time numerator="false">
 <day_time name="ѕонедельник">
  <lesson_time number="1" start1="08:30" end1="09:15" start2="09:20" end2="10:05"></lesson_time>
  <lesson_time number="2" start1="10:15" end1="11:00" start2="11:05" end2="11:50"></lesson_time>
  <lesson_time number="3" start1="12:25" end1="13:10" start2="13:15" end2="14:00"></lesson_time>
  <lesson_time number="4" start1="14:35" end1="15:20" start2="15:25" end2="16:10"></lesson_time>
  <lesson_time number="5" start1="16:20" end1="17:05" start2="17:10" end2="17:55"></lesson_time>
  <lesson_time number="6" start1="18:05" end1="18:50" start2="18:55" end2="19:40"></lesson_time>
  <lesson_time number="7" start1="19:50" end1="20:35" start2="20:40" end2="21:25"></lesson_time>
 </day_time>
 <day_time name="¬торник" override="1"></day_time>
 <day_time name="—реда" override="1"></day_time>
 <day_time name="„етверг" override="1"></day_time>
 <day_time name="ѕ€тница" override="1"></day_time>
 <day_time name="—уббота">
  <lesson_time number="1" start1="08:30" end1="09:15" start2="09:20" end2="10:05"></lesson_time>
  <lesson_time number="2" start1="10:15" end1="11:00" start2="11:05" end2="11:50"></lesson_time>
  <lesson_time number="3" start1="12:00" end1="12:45" start2="12:50" end2="13:35"></lesson_time>
  <lesson_time number="4" start1="14:10" end1="14:55" start2="15:00" end2="15:45"></lesson_time>
  <lesson_time number="5" start1="15:55" end1="16:40" start2="16:45" end2="17:30"></lesson_time>
  <lesson_time number="6" start1="17:40" end1="18:25" start2="18:30" end2="19:15"></lesson_time>
  <lesson_time number="7" start1="19:25" end1="20:10" start2="20:15" end2="21:00"></lesson_time>
 </day_time>
</week_time> 
30.08.2016 23:34:00.333 [DEBUG][main  ][ParserGroupLesson   ] - ==== Parsing Element = #document ==== 
30.08.2016 23:34:00.338 [DEBUG][main  ][ParserHTMLAbstract  ] - parsingElements return  
30.08.2016 23:34:00.339 [DEBUG][main  ][ParserGroupLesson   ] - ====== return <group_lesson></group_lesson> 
